{"/Users/jamescarroll/WebstormProjects/stickers/controllers/auth.js": {"path":"/Users/jamescarroll/WebstormProjects/stickers/controllers/auth.js","statementMap":{"0":{"start":{"line":2,"column":15},"end":{"line":2,"column":32}},"1":{"start":{"line":3,"column":18},"end":{"line":3,"column":47}},"2":{"start":{"line":4,"column":22},"end":{"line":4,"column":55}},"3":{"start":{"line":5,"column":21},"end":{"line":5,"column":51}},"4":{"start":{"line":6,"column":13},"end":{"line":6,"column":38}},"5":{"start":{"line":11,"column":0},"end":{"line":27,"column":2}},"6":{"start":{"line":13,"column":44},"end":{"line":13,"column":52}},"7":{"start":{"line":16,"column":17},"end":{"line":21,"column":6}},"8":{"start":{"line":24,"column":18},"end":{"line":24,"column":42}},"9":{"start":{"line":26,"column":4},"end":{"line":26,"column":51}},"10":{"start":{"line":32,"column":0},"end":{"line":57,"column":2}},"11":{"start":{"line":34,"column":32},"end":{"line":34,"column":40}},"12":{"start":{"line":37,"column":4},"end":{"line":39,"column":5}},"13":{"start":{"line":38,"column":8},"end":{"line":38,"column":84}},"14":{"start":{"line":43,"column":17},"end":{"line":43,"column":66}},"15":{"start":{"line":45,"column":4},"end":{"line":47,"column":5}},"16":{"start":{"line":46,"column":8},"end":{"line":46,"column":67}},"17":{"start":{"line":50,"column":20},"end":{"line":50,"column":54}},"18":{"start":{"line":52,"column":4},"end":{"line":54,"column":5}},"19":{"start":{"line":53,"column":8},"end":{"line":53,"column":67}},"20":{"start":{"line":56,"column":4},"end":{"line":56,"column":38}},"21":{"start":{"line":62,"column":0},"end":{"line":70,"column":3}},"22":{"start":{"line":63,"column":4},"end":{"line":63,"column":93}},"23":{"start":{"line":65,"column":4},"end":{"line":68,"column":7}},"24":{"start":{"line":75,"column":0},"end":{"line":83,"column":3}},"25":{"start":{"line":76,"column":16},"end":{"line":76,"column":48}},"26":{"start":{"line":78,"column":3},"end":{"line":81,"column":6}},"27":{"start":{"line":88,"column":0},"end":{"line":125,"column":3}},"28":{"start":{"line":89,"column":17},"end":{"line":89,"column":62}},"29":{"start":{"line":91,"column":4},"end":{"line":93,"column":5}},"30":{"start":{"line":92,"column":8},"end":{"line":92,"column":68}},"31":{"start":{"line":96,"column":23},"end":{"line":96,"column":51}},"32":{"start":{"line":99,"column":4},"end":{"line":99,"column":51}},"33":{"start":{"line":102,"column":21},"end":{"line":102,"column":99}},"34":{"start":{"line":103,"column":20},"end":{"line":103,"column":167}},"35":{"start":{"line":105,"column":4},"end":{"line":123,"column":5}},"36":{"start":{"line":106,"column":8},"end":{"line":110,"column":11}},"37":{"start":{"line":113,"column":8},"end":{"line":113,"column":83}},"38":{"start":{"line":116,"column":8},"end":{"line":116,"column":25}},"39":{"start":{"line":117,"column":8},"end":{"line":117,"column":44}},"40":{"start":{"line":118,"column":8},"end":{"line":118,"column":45}},"41":{"start":{"line":120,"column":8},"end":{"line":120,"column":55}},"42":{"start":{"line":122,"column":8},"end":{"line":122,"column":71}},"43":{"start":{"line":130,"column":0},"end":{"line":154,"column":3}},"44":{"start":{"line":132,"column":31},"end":{"line":134,"column":22}},"45":{"start":{"line":137,"column":17},"end":{"line":140,"column":6}},"46":{"start":{"line":142,"column":4},"end":{"line":144,"column":5}},"47":{"start":{"line":143,"column":8},"end":{"line":143,"column":61}},"48":{"start":{"line":147,"column":4},"end":{"line":147,"column":38}},"49":{"start":{"line":148,"column":4},"end":{"line":148,"column":40}},"50":{"start":{"line":149,"column":4},"end":{"line":149,"column":41}},"51":{"start":{"line":150,"column":4},"end":{"line":150,"column":22}},"52":{"start":{"line":153,"column":4},"end":{"line":153,"column":38}},"53":{"start":{"line":157,"column":26},"end":{"line":177,"column":1}},"54":{"start":{"line":159,"column":18},"end":{"line":159,"column":42}},"55":{"start":{"line":160,"column":20},"end":{"line":163,"column":5}},"56":{"start":{"line":166,"column":4},"end":{"line":168,"column":5}},"57":{"start":{"line":167,"column":8},"end":{"line":167,"column":30}},"58":{"start":{"line":170,"column":4},"end":{"line":176,"column":11}},"59":{"start":{"line":182,"column":0},"end":{"line":199,"column":3}},"60":{"start":{"line":185,"column":27},"end":{"line":188,"column":5}},"61":{"start":{"line":189,"column":17},"end":{"line":192,"column":6}},"62":{"start":{"line":194,"column":4},"end":{"line":197,"column":7}},"63":{"start":{"line":204,"column":0},"end":{"line":220,"column":3}},"64":{"start":{"line":207,"column":17},"end":{"line":207,"column":69}},"65":{"start":{"line":210,"column":4},"end":{"line":212,"column":5}},"66":{"start":{"line":211,"column":8},"end":{"line":211,"column":64}},"67":{"start":{"line":214,"column":4},"end":{"line":214,"column":41}},"68":{"start":{"line":215,"column":4},"end":{"line":215,"column":22}},"69":{"start":{"line":218,"column":4},"end":{"line":218,"column":38}}},"fnMap":{"0":{"name":"(anonymous_0)","decl":{"start":{"line":11,"column":32},"end":{"line":11,"column":33}},"loc":{"start":{"line":11,"column":58},"end":{"line":27,"column":1}},"line":11},"1":{"name":"(anonymous_1)","decl":{"start":{"line":32,"column":29},"end":{"line":32,"column":30}},"loc":{"start":{"line":32,"column":55},"end":{"line":57,"column":1}},"line":32},"2":{"name":"(anonymous_2)","decl":{"start":{"line":62,"column":30},"end":{"line":62,"column":31}},"loc":{"start":{"line":62,"column":56},"end":{"line":70,"column":1}},"line":62},"3":{"name":"(anonymous_3)","decl":{"start":{"line":75,"column":29},"end":{"line":75,"column":30}},"loc":{"start":{"line":75,"column":55},"end":{"line":83,"column":1}},"line":75},"4":{"name":"(anonymous_4)","decl":{"start":{"line":88,"column":38},"end":{"line":88,"column":39}},"loc":{"start":{"line":88,"column":64},"end":{"line":125,"column":1}},"line":88},"5":{"name":"(anonymous_5)","decl":{"start":{"line":130,"column":37},"end":{"line":130,"column":38}},"loc":{"start":{"line":130,"column":63},"end":{"line":154,"column":1}},"line":130},"6":{"name":"(anonymous_6)","decl":{"start":{"line":157,"column":26},"end":{"line":157,"column":27}},"loc":{"start":{"line":157,"column":53},"end":{"line":177,"column":1}},"line":157},"7":{"name":"(anonymous_7)","decl":{"start":{"line":182,"column":37},"end":{"line":182,"column":38}},"loc":{"start":{"line":182,"column":63},"end":{"line":199,"column":1}},"line":182},"8":{"name":"(anonymous_8)","decl":{"start":{"line":204,"column":38},"end":{"line":204,"column":39}},"loc":{"start":{"line":204,"column":64},"end":{"line":220,"column":1}},"line":204}},"branchMap":{"0":{"loc":{"start":{"line":37,"column":4},"end":{"line":39,"column":5}},"type":"if","locations":[{"start":{"line":37,"column":4},"end":{"line":39,"column":5}},{"start":{},"end":{}}],"line":37},"1":{"loc":{"start":{"line":37,"column":8},"end":{"line":37,"column":27}},"type":"binary-expr","locations":[{"start":{"line":37,"column":8},"end":{"line":37,"column":14}},{"start":{"line":37,"column":18},"end":{"line":37,"column":27}}],"line":37},"2":{"loc":{"start":{"line":45,"column":4},"end":{"line":47,"column":5}},"type":"if","locations":[{"start":{"line":45,"column":4},"end":{"line":47,"column":5}},{"start":{},"end":{}}],"line":45},"3":{"loc":{"start":{"line":52,"column":4},"end":{"line":54,"column":5}},"type":"if","locations":[{"start":{"line":52,"column":4},"end":{"line":54,"column":5}},{"start":{},"end":{}}],"line":52},"4":{"loc":{"start":{"line":91,"column":4},"end":{"line":93,"column":5}},"type":"if","locations":[{"start":{"line":91,"column":4},"end":{"line":93,"column":5}},{"start":{},"end":{}}],"line":91},"5":{"loc":{"start":{"line":142,"column":4},"end":{"line":144,"column":5}},"type":"if","locations":[{"start":{"line":142,"column":4},"end":{"line":144,"column":5}},{"start":{},"end":{}}],"line":142},"6":{"loc":{"start":{"line":166,"column":4},"end":{"line":168,"column":5}},"type":"if","locations":[{"start":{"line":166,"column":4},"end":{"line":168,"column":5}},{"start":{},"end":{}}],"line":166},"7":{"loc":{"start":{"line":210,"column":4},"end":{"line":212,"column":5}},"type":"if","locations":[{"start":{"line":210,"column":4},"end":{"line":212,"column":5}},{"start":{},"end":{}}],"line":210}},"s":{"0":21,"1":21,"2":21,"3":21,"4":21,"5":21,"6":39,"7":39,"8":39,"9":39,"10":21,"11":40,"12":40,"13":2,"14":38,"15":38,"16":1,"17":37,"18":37,"19":1,"20":36,"21":21,"22":1,"23":1,"24":21,"25":2,"26":2,"27":21,"28":3,"29":3,"30":1,"31":2,"32":2,"33":2,"34":2,"35":2,"36":2,"37":1,"38":1,"39":1,"40":1,"41":1,"42":1,"43":21,"44":2,"45":2,"46":2,"47":1,"48":1,"49":1,"50":1,"51":1,"52":1,"53":21,"54":38,"55":38,"56":38,"57":1,"58":38,"59":21,"60":1,"61":1,"62":1,"63":21,"64":2,"65":2,"66":1,"67":1,"68":1,"69":1},"f":{"0":39,"1":40,"2":1,"3":2,"4":3,"5":2,"6":38,"7":1,"8":2},"b":{"0":[2,38],"1":[40,39],"2":[1,37],"3":[1,36],"4":[1,2],"5":[1,1],"6":[1,37],"7":[1,1]},"_coverageSchema":"1a1c01bbd47fc00a2c39e90264f33305004495a9","hash":"74d920a3411ff710fda61e5d37e924ba3bd182ac"}
,"/Users/jamescarroll/WebstormProjects/stickers/controllers/reviews.js": {"path":"/Users/jamescarroll/WebstormProjects/stickers/controllers/reviews.js","statementMap":{"0":{"start":{"line":2,"column":22},"end":{"line":2,"column":55}},"1":{"start":{"line":3,"column":21},"end":{"line":3,"column":51}},"2":{"start":{"line":4,"column":15},"end":{"line":4,"column":42}},"3":{"start":{"line":5,"column":21},"end":{"line":5,"column":54}},"4":{"start":{"line":6,"column":13},"end":{"line":6,"column":38}},"5":{"start":{"line":12,"column":0},"end":{"line":26,"column":3}},"6":{"start":{"line":13,"column":4},"end":{"line":25,"column":5}},"7":{"start":{"line":14,"column":24},"end":{"line":14,"column":89}},"8":{"start":{"line":17,"column":8},"end":{"line":21,"column":11}},"9":{"start":{"line":24,"column":8},"end":{"line":24,"column":57}},"10":{"start":{"line":31,"column":0},"end":{"line":45,"column":3}},"11":{"start":{"line":32,"column":19},"end":{"line":35,"column":6}},"12":{"start":{"line":37,"column":4},"end":{"line":39,"column":5}},"13":{"start":{"line":38,"column":8},"end":{"line":38,"column":89}},"14":{"start":{"line":41,"column":4},"end":{"line":44,"column":7}},"15":{"start":{"line":50,"column":0},"end":{"line":66,"column":3}},"16":{"start":{"line":51,"column":4},"end":{"line":51,"column":56}},"17":{"start":{"line":52,"column":4},"end":{"line":52,"column":41}},"18":{"start":{"line":54,"column":25},"end":{"line":54,"column":79}},"19":{"start":{"line":56,"column":4},"end":{"line":58,"column":5}},"20":{"start":{"line":57,"column":8},"end":{"line":57,"column":100}},"21":{"start":{"line":60,"column":19},"end":{"line":60,"column":48}},"22":{"start":{"line":62,"column":4},"end":{"line":65,"column":6}},"23":{"start":{"line":71,"column":0},"end":{"line":93,"column":3}},"24":{"start":{"line":73,"column":17},"end":{"line":73,"column":53}},"25":{"start":{"line":75,"column":4},"end":{"line":77,"column":5}},"26":{"start":{"line":76,"column":8},"end":{"line":76,"column":82}},"27":{"start":{"line":80,"column":4},"end":{"line":82,"column":5}},"28":{"start":{"line":81,"column":8},"end":{"line":81,"column":96}},"29":{"start":{"line":84,"column":4},"end":{"line":87,"column":7}},"30":{"start":{"line":89,"column":4},"end":{"line":92,"column":7}},"31":{"start":{"line":98,"column":0},"end":{"line":117,"column":3}},"32":{"start":{"line":100,"column":19},"end":{"line":100,"column":55}},"33":{"start":{"line":102,"column":4},"end":{"line":104,"column":5}},"34":{"start":{"line":103,"column":8},"end":{"line":103,"column":82}},"35":{"start":{"line":107,"column":4},"end":{"line":109,"column":5}},"36":{"start":{"line":108,"column":8},"end":{"line":108,"column":96}},"37":{"start":{"line":111,"column":4},"end":{"line":111,"column":29}},"38":{"start":{"line":113,"column":4},"end":{"line":116,"column":7}}},"fnMap":{"0":{"name":"(anonymous_0)","decl":{"start":{"line":12,"column":34},"end":{"line":12,"column":35}},"loc":{"start":{"line":12,"column":60},"end":{"line":26,"column":1}},"line":12},"1":{"name":"(anonymous_1)","decl":{"start":{"line":31,"column":33},"end":{"line":31,"column":34}},"loc":{"start":{"line":31,"column":59},"end":{"line":45,"column":1}},"line":31},"2":{"name":"(anonymous_2)","decl":{"start":{"line":50,"column":33},"end":{"line":50,"column":34}},"loc":{"start":{"line":50,"column":59},"end":{"line":66,"column":1}},"line":50},"3":{"name":"(anonymous_3)","decl":{"start":{"line":71,"column":36},"end":{"line":71,"column":37}},"loc":{"start":{"line":71,"column":62},"end":{"line":93,"column":1}},"line":71},"4":{"name":"(anonymous_4)","decl":{"start":{"line":98,"column":36},"end":{"line":98,"column":37}},"loc":{"start":{"line":98,"column":62},"end":{"line":117,"column":1}},"line":98}},"branchMap":{"0":{"loc":{"start":{"line":13,"column":4},"end":{"line":25,"column":5}},"type":"if","locations":[{"start":{"line":13,"column":4},"end":{"line":25,"column":5}},{"start":{"line":22,"column":11},"end":{"line":25,"column":5}}],"line":13},"1":{"loc":{"start":{"line":37,"column":4},"end":{"line":39,"column":5}},"type":"if","locations":[{"start":{"line":37,"column":4},"end":{"line":39,"column":5}},{"start":{},"end":{}}],"line":37},"2":{"loc":{"start":{"line":56,"column":4},"end":{"line":58,"column":5}},"type":"if","locations":[{"start":{"line":56,"column":4},"end":{"line":58,"column":5}},{"start":{},"end":{}}],"line":56},"3":{"loc":{"start":{"line":75,"column":4},"end":{"line":77,"column":5}},"type":"if","locations":[{"start":{"line":75,"column":4},"end":{"line":77,"column":5}},{"start":{},"end":{}}],"line":75},"4":{"loc":{"start":{"line":80,"column":4},"end":{"line":82,"column":5}},"type":"if","locations":[{"start":{"line":80,"column":4},"end":{"line":82,"column":5}},{"start":{},"end":{}}],"line":80},"5":{"loc":{"start":{"line":80,"column":8},"end":{"line":80,"column":84}},"type":"binary-expr","locations":[{"start":{"line":80,"column":8},"end":{"line":80,"column":55}},{"start":{"line":80,"column":59},"end":{"line":80,"column":84}}],"line":80},"6":{"loc":{"start":{"line":102,"column":4},"end":{"line":104,"column":5}},"type":"if","locations":[{"start":{"line":102,"column":4},"end":{"line":104,"column":5}},{"start":{},"end":{}}],"line":102},"7":{"loc":{"start":{"line":107,"column":4},"end":{"line":109,"column":5}},"type":"if","locations":[{"start":{"line":107,"column":4},"end":{"line":109,"column":5}},{"start":{},"end":{}}],"line":107},"8":{"loc":{"start":{"line":107,"column":8},"end":{"line":107,"column":84}},"type":"binary-expr","locations":[{"start":{"line":107,"column":8},"end":{"line":107,"column":55}},{"start":{"line":107,"column":59},"end":{"line":107,"column":84}}],"line":107}},"s":{"0":21,"1":21,"2":21,"3":21,"4":21,"5":21,"6":2,"7":1,"8":1,"9":1,"10":21,"11":2,"12":2,"13":1,"14":1,"15":21,"16":5,"17":5,"18":5,"19":5,"20":0,"21":5,"22":5,"23":21,"24":2,"25":2,"26":0,"27":2,"28":1,"29":1,"30":1,"31":21,"32":2,"33":2,"34":0,"35":2,"36":1,"37":1,"38":1},"f":{"0":2,"1":2,"2":5,"3":2,"4":2},"b":{"0":[1,1],"1":[1,1],"2":[0,5],"3":[0,2],"4":[1,1],"5":[2,1],"6":[0,2],"7":[1,1],"8":[2,1]},"_coverageSchema":"1a1c01bbd47fc00a2c39e90264f33305004495a9","hash":"82f74b5e6d676b0716a219e3da39b6f6c1992ad7"}
,"/Users/jamescarroll/WebstormProjects/stickers/controllers/stick.js": {"path":"/Users/jamescarroll/WebstormProjects/stickers/controllers/stick.js","statementMap":{"0":{"start":{"line":2,"column":22},"end":{"line":2,"column":55}},"1":{"start":{"line":3,"column":21},"end":{"line":3,"column":51}},"2":{"start":{"line":4,"column":14},"end":{"line":4,"column":40}},"3":{"start":{"line":5,"column":21},"end":{"line":5,"column":54}},"4":{"start":{"line":11,"column":0},"end":{"line":40,"column":3}},"5":{"start":{"line":13,"column":4},"end":{"line":21,"column":5}},"6":{"start":{"line":15,"column":21},"end":{"line":15,"column":85}},"7":{"start":{"line":16,"column":8},"end":{"line":16,"column":88}},"8":{"start":{"line":19,"column":8},"end":{"line":19,"column":57}},"9":{"start":{"line":24,"column":17},"end":{"line":24,"column":28}},"10":{"start":{"line":28,"column":4},"end":{"line":32,"column":5}},"11":{"start":{"line":29,"column":8},"end":{"line":31,"column":10}},"12":{"start":{"line":34,"column":4},"end":{"line":38,"column":6}},"13":{"start":{"line":45,"column":0},"end":{"line":59,"column":3}},"14":{"start":{"line":46,"column":18},"end":{"line":49,"column":7}},"15":{"start":{"line":51,"column":4},"end":{"line":53,"column":5}},"16":{"start":{"line":52,"column":8},"end":{"line":52,"column":92}},"17":{"start":{"line":55,"column":4},"end":{"line":58,"column":6}},"18":{"start":{"line":64,"column":0},"end":{"line":94,"column":3}},"19":{"start":{"line":67,"column":4},"end":{"line":67,"column":56}},"20":{"start":{"line":69,"column":4},"end":{"line":69,"column":32}},"21":{"start":{"line":74,"column":25},"end":{"line":74,"column":79}},"22":{"start":{"line":76,"column":4},"end":{"line":78,"column":5}},"23":{"start":{"line":77,"column":8},"end":{"line":77,"column":106}},"24":{"start":{"line":81,"column":4},"end":{"line":85,"column":5}},"25":{"start":{"line":82,"column":8},"end":{"line":84,"column":9}},"26":{"start":{"line":88,"column":18},"end":{"line":88,"column":46}},"27":{"start":{"line":90,"column":4},"end":{"line":93,"column":6}},"28":{"start":{"line":100,"column":0},"end":{"line":125,"column":3}},"29":{"start":{"line":103,"column":16},"end":{"line":103,"column":56}},"30":{"start":{"line":105,"column":4},"end":{"line":107,"column":5}},"31":{"start":{"line":106,"column":8},"end":{"line":106,"column":92}},"32":{"start":{"line":110,"column":4},"end":{"line":114,"column":5}},"33":{"start":{"line":111,"column":8},"end":{"line":113,"column":9}},"34":{"start":{"line":116,"column":4},"end":{"line":119,"column":7}},"35":{"start":{"line":121,"column":4},"end":{"line":124,"column":6}},"36":{"start":{"line":130,"column":0},"end":{"line":139,"column":3}},"37":{"start":{"line":131,"column":16},"end":{"line":131,"column":56}},"38":{"start":{"line":133,"column":4},"end":{"line":135,"column":5}},"39":{"start":{"line":134,"column":8},"end":{"line":134,"column":92}},"40":{"start":{"line":137,"column":4},"end":{"line":137,"column":28}},"41":{"start":{"line":138,"column":4},"end":{"line":138,"column":54}}},"fnMap":{"0":{"name":"(anonymous_0)","decl":{"start":{"line":11,"column":31},"end":{"line":11,"column":32}},"loc":{"start":{"line":11,"column":57},"end":{"line":40,"column":1}},"line":11},"1":{"name":"(anonymous_1)","decl":{"start":{"line":45,"column":32},"end":{"line":45,"column":33}},"loc":{"start":{"line":45,"column":58},"end":{"line":59,"column":1}},"line":45},"2":{"name":"(anonymous_2)","decl":{"start":{"line":64,"column":32},"end":{"line":64,"column":33}},"loc":{"start":{"line":64,"column":58},"end":{"line":94,"column":1}},"line":64},"3":{"name":"(anonymous_3)","decl":{"start":{"line":100,"column":35},"end":{"line":100,"column":36}},"loc":{"start":{"line":100,"column":61},"end":{"line":125,"column":1}},"line":100},"4":{"name":"(anonymous_4)","decl":{"start":{"line":130,"column":35},"end":{"line":130,"column":36}},"loc":{"start":{"line":130,"column":61},"end":{"line":139,"column":1}},"line":130}},"branchMap":{"0":{"loc":{"start":{"line":13,"column":4},"end":{"line":21,"column":5}},"type":"if","locations":[{"start":{"line":13,"column":4},"end":{"line":21,"column":5}},{"start":{"line":17,"column":11},"end":{"line":21,"column":5}}],"line":13},"1":{"loc":{"start":{"line":28,"column":4},"end":{"line":32,"column":5}},"type":"if","locations":[{"start":{"line":28,"column":4},"end":{"line":32,"column":5}},{"start":{},"end":{}}],"line":28},"2":{"loc":{"start":{"line":28,"column":8},"end":{"line":28,"column":77}},"type":"binary-expr","locations":[{"start":{"line":28,"column":8},"end":{"line":28,"column":33}},{"start":{"line":28,"column":37},"end":{"line":28,"column":56}},{"start":{"line":28,"column":60},"end":{"line":28,"column":77}}],"line":28},"3":{"loc":{"start":{"line":51,"column":4},"end":{"line":53,"column":5}},"type":"if","locations":[{"start":{"line":51,"column":4},"end":{"line":53,"column":5}},{"start":{},"end":{}}],"line":51},"4":{"loc":{"start":{"line":76,"column":4},"end":{"line":78,"column":5}},"type":"if","locations":[{"start":{"line":76,"column":4},"end":{"line":78,"column":5}},{"start":{},"end":{}}],"line":76},"5":{"loc":{"start":{"line":81,"column":4},"end":{"line":85,"column":5}},"type":"if","locations":[{"start":{"line":81,"column":4},"end":{"line":85,"column":5}},{"start":{},"end":{}}],"line":81},"6":{"loc":{"start":{"line":81,"column":8},"end":{"line":81,"column":81}},"type":"binary-expr","locations":[{"start":{"line":81,"column":8},"end":{"line":81,"column":52}},{"start":{"line":81,"column":56},"end":{"line":81,"column":81}}],"line":81},"7":{"loc":{"start":{"line":105,"column":4},"end":{"line":107,"column":5}},"type":"if","locations":[{"start":{"line":105,"column":4},"end":{"line":107,"column":5}},{"start":{},"end":{}}],"line":105},"8":{"loc":{"start":{"line":110,"column":4},"end":{"line":114,"column":5}},"type":"if","locations":[{"start":{"line":110,"column":4},"end":{"line":114,"column":5}},{"start":{},"end":{}}],"line":110},"9":{"loc":{"start":{"line":110,"column":8},"end":{"line":110,"column":74}},"type":"binary-expr","locations":[{"start":{"line":110,"column":8},"end":{"line":110,"column":45}},{"start":{"line":110,"column":49},"end":{"line":110,"column":74}}],"line":110},"10":{"loc":{"start":{"line":133,"column":4},"end":{"line":135,"column":5}},"type":"if","locations":[{"start":{"line":133,"column":4},"end":{"line":135,"column":5}},{"start":{},"end":{}}],"line":133}},"s":{"0":21,"1":21,"2":21,"3":21,"4":21,"5":2,"6":1,"7":1,"8":1,"9":0,"10":0,"11":0,"12":0,"13":21,"14":1,"15":1,"16":1,"17":0,"18":21,"19":8,"20":8,"21":8,"22":8,"23":1,"24":7,"25":1,"26":6,"27":5,"28":21,"29":2,"30":2,"31":0,"32":2,"33":1,"34":1,"35":1,"36":21,"37":0,"38":0,"39":0,"40":0,"41":0},"f":{"0":2,"1":1,"2":8,"3":2,"4":0},"b":{"0":[1,1],"1":[0,0],"2":[0,0,0],"3":[1,0],"4":[1,7],"5":[1,6],"6":[7,1],"7":[0,2],"8":[1,1],"9":[2,1],"10":[0,0]},"_coverageSchema":"1a1c01bbd47fc00a2c39e90264f33305004495a9","hash":"e8bf447c7c682a890165dd91580403939d127a4c"}
,"/Users/jamescarroll/WebstormProjects/stickers/controllers/stickerboard.js": {"path":"/Users/jamescarroll/WebstormProjects/stickers/controllers/stickerboard.js","statementMap":{"0":{"start":{"line":2,"column":13},"end":{"line":2,"column":28}},"1":{"start":{"line":3,"column":22},"end":{"line":3,"column":55}},"2":{"start":{"line":4,"column":21},"end":{"line":4,"column":54}},"3":{"start":{"line":5,"column":21},"end":{"line":5,"column":51}},"4":{"start":{"line":11,"column":0},"end":{"line":96,"column":3}},"5":{"start":{"line":21,"column":21},"end":{"line":21,"column":37}},"6":{"start":{"line":27,"column":25},"end":{"line":27,"column":60}},"7":{"start":{"line":30,"column":4},"end":{"line":30,"column":58}},"8":{"start":{"line":30,"column":34},"end":{"line":30,"column":56}},"9":{"start":{"line":33,"column":19},"end":{"line":33,"column":43}},"10":{"start":{"line":37,"column":4},"end":{"line":37,"column":81}},"11":{"start":{"line":37,"column":68},"end":{"line":37,"column":79}},"12":{"start":{"line":38,"column":4},"end":{"line":38,"column":26}},"13":{"start":{"line":41,"column":4},"end":{"line":41,"column":69}},"14":{"start":{"line":44,"column":4},"end":{"line":49,"column":5}},"15":{"start":{"line":45,"column":23},"end":{"line":45,"column":58}},"16":{"start":{"line":46,"column":8},"end":{"line":46,"column":35}},"17":{"start":{"line":48,"column":8},"end":{"line":48,"column":41}},"18":{"start":{"line":52,"column":4},"end":{"line":58,"column":5}},"19":{"start":{"line":55,"column":23},"end":{"line":55,"column":60}},"20":{"start":{"line":56,"column":8},"end":{"line":56,"column":37}},"21":{"start":{"line":57,"column":8},"end":{"line":57,"column":73}},"22":{"start":{"line":61,"column":17},"end":{"line":61,"column":50}},"23":{"start":{"line":62,"column":18},"end":{"line":62,"column":53}},"24":{"start":{"line":63,"column":23},"end":{"line":63,"column":41}},"25":{"start":{"line":64,"column":21},"end":{"line":64,"column":33}},"26":{"start":{"line":65,"column":18},"end":{"line":65,"column":53}},"27":{"start":{"line":69,"column":4},"end":{"line":69,"column":48}},"28":{"start":{"line":72,"column":26},"end":{"line":72,"column":37}},"29":{"start":{"line":75,"column":23},"end":{"line":75,"column":25}},"30":{"start":{"line":77,"column":4},"end":{"line":82,"column":5}},"31":{"start":{"line":78,"column":8},"end":{"line":81,"column":9}},"32":{"start":{"line":84,"column":4},"end":{"line":89,"column":5}},"33":{"start":{"line":85,"column":8},"end":{"line":88,"column":9}},"34":{"start":{"line":93,"column":4},"end":{"line":95,"column":35}},"35":{"start":{"line":101,"column":0},"end":{"line":122,"column":3}},"36":{"start":{"line":102,"column":29},"end":{"line":102,"column":71}},"37":{"start":{"line":109,"column":8},"end":{"line":113,"column":9}},"38":{"start":{"line":110,"column":12},"end":{"line":112,"column":14}},"39":{"start":{"line":121,"column":8},"end":{"line":121,"column":68}},"40":{"start":{"line":128,"column":0},"end":{"line":147,"column":3}},"41":{"start":{"line":130,"column":4},"end":{"line":130,"column":32}},"42":{"start":{"line":131,"column":4},"end":{"line":131,"column":26}},"43":{"start":{"line":134,"column":34},"end":{"line":134,"column":83}},"44":{"start":{"line":137,"column":4},"end":{"line":139,"column":5}},"45":{"start":{"line":138,"column":8},"end":{"line":138,"column":116}},"46":{"start":{"line":141,"column":25},"end":{"line":141,"column":60}},"47":{"start":{"line":142,"column":4},"end":{"line":145,"column":7}},"48":{"start":{"line":152,"column":0},"end":{"line":180,"column":3}},"49":{"start":{"line":156,"column":27},"end":{"line":156,"column":69}},"50":{"start":{"line":158,"column":8},"end":{"line":162,"column":9}},"51":{"start":{"line":159,"column":12},"end":{"line":161,"column":14}},"52":{"start":{"line":165,"column":8},"end":{"line":169,"column":9}},"53":{"start":{"line":166,"column":12},"end":{"line":168,"column":13}},"54":{"start":{"line":173,"column":8},"end":{"line":176,"column":11}},"55":{"start":{"line":179,"column":8},"end":{"line":179,"column":68}},"56":{"start":{"line":185,"column":0},"end":{"line":206,"column":3}},"57":{"start":{"line":186,"column":29},"end":{"line":186,"column":71}},"58":{"start":{"line":188,"column":8},"end":{"line":192,"column":9}},"59":{"start":{"line":189,"column":12},"end":{"line":191,"column":14}},"60":{"start":{"line":196,"column":8},"end":{"line":200,"column":9}},"61":{"start":{"line":197,"column":12},"end":{"line":199,"column":13}},"62":{"start":{"line":202,"column":8},"end":{"line":202,"column":39}},"63":{"start":{"line":205,"column":8},"end":{"line":205,"column":58}},"64":{"start":{"line":211,"column":0},"end":{"line":268,"column":3}},"65":{"start":{"line":212,"column":25},"end":{"line":212,"column":67}},"66":{"start":{"line":214,"column":4},"end":{"line":218,"column":5}},"67":{"start":{"line":215,"column":8},"end":{"line":217,"column":10}},"68":{"start":{"line":221,"column":4},"end":{"line":225,"column":5}},"69":{"start":{"line":222,"column":8},"end":{"line":224,"column":9}},"70":{"start":{"line":227,"column":4},"end":{"line":231,"column":5}},"71":{"start":{"line":228,"column":8},"end":{"line":230,"column":10}},"72":{"start":{"line":233,"column":17},"end":{"line":233,"column":31}},"73":{"start":{"line":234,"column":4},"end":{"line":234,"column":22}},"74":{"start":{"line":236,"column":4},"end":{"line":238,"column":5}},"75":{"start":{"line":237,"column":8},"end":{"line":237,"column":70}},"76":{"start":{"line":241,"column":4},"end":{"line":245,"column":5}},"77":{"start":{"line":242,"column":8},"end":{"line":244,"column":10}},"78":{"start":{"line":248,"column":4},"end":{"line":248,"column":72}},"79":{"start":{"line":249,"column":4},"end":{"line":249,"column":27}},"80":{"start":{"line":252,"column":4},"end":{"line":266,"column":7}},"81":{"start":{"line":254,"column":8},"end":{"line":259,"column":9}},"82":{"start":{"line":255,"column":12},"end":{"line":255,"column":31}},"83":{"start":{"line":256,"column":12},"end":{"line":258,"column":14}},"84":{"start":{"line":261,"column":8},"end":{"line":261,"column":82}},"85":{"start":{"line":262,"column":8},"end":{"line":265,"column":11}}},"fnMap":{"0":{"name":"(anonymous_0)","decl":{"start":{"line":11,"column":40},"end":{"line":11,"column":41}},"loc":{"start":{"line":11,"column":66},"end":{"line":96,"column":1}},"line":11},"1":{"name":"(anonymous_1)","decl":{"start":{"line":30,"column":25},"end":{"line":30,"column":26}},"loc":{"start":{"line":30,"column":34},"end":{"line":30,"column":56}},"line":30},"2":{"name":"(anonymous_2)","decl":{"start":{"line":37,"column":59},"end":{"line":37,"column":60}},"loc":{"start":{"line":37,"column":68},"end":{"line":37,"column":79}},"line":37},"3":{"name":"(anonymous_3)","decl":{"start":{"line":101,"column":39},"end":{"line":101,"column":40}},"loc":{"start":{"line":101,"column":65},"end":{"line":122,"column":1}},"line":101},"4":{"name":"(anonymous_4)","decl":{"start":{"line":128,"column":42},"end":{"line":128,"column":43}},"loc":{"start":{"line":128,"column":68},"end":{"line":147,"column":1}},"line":128},"5":{"name":"(anonymous_5)","decl":{"start":{"line":152,"column":42},"end":{"line":152,"column":43}},"loc":{"start":{"line":152,"column":68},"end":{"line":180,"column":1}},"line":152},"6":{"name":"(anonymous_6)","decl":{"start":{"line":185,"column":42},"end":{"line":185,"column":43}},"loc":{"start":{"line":185,"column":68},"end":{"line":206,"column":1}},"line":185},"7":{"name":"(anonymous_7)","decl":{"start":{"line":211,"column":46},"end":{"line":211,"column":47}},"loc":{"start":{"line":211,"column":72},"end":{"line":268,"column":1}},"line":211},"8":{"name":"(anonymous_8)","decl":{"start":{"line":252,"column":60},"end":{"line":252,"column":61}},"loc":{"start":{"line":252,"column":73},"end":{"line":266,"column":5}},"line":252}},"branchMap":{"0":{"loc":{"start":{"line":44,"column":4},"end":{"line":49,"column":5}},"type":"if","locations":[{"start":{"line":44,"column":4},"end":{"line":49,"column":5}},{"start":{"line":47,"column":11},"end":{"line":49,"column":5}}],"line":44},"1":{"loc":{"start":{"line":52,"column":4},"end":{"line":58,"column":5}},"type":"if","locations":[{"start":{"line":52,"column":4},"end":{"line":58,"column":5}},{"start":{},"end":{}}],"line":52},"2":{"loc":{"start":{"line":61,"column":17},"end":{"line":61,"column":50}},"type":"binary-expr","locations":[{"start":{"line":61,"column":17},"end":{"line":61,"column":45}},{"start":{"line":61,"column":49},"end":{"line":61,"column":50}}],"line":61},"3":{"loc":{"start":{"line":62,"column":18},"end":{"line":62,"column":53}},"type":"binary-expr","locations":[{"start":{"line":62,"column":18},"end":{"line":62,"column":47}},{"start":{"line":62,"column":51},"end":{"line":62,"column":53}}],"line":62},"4":{"loc":{"start":{"line":77,"column":4},"end":{"line":82,"column":5}},"type":"if","locations":[{"start":{"line":77,"column":4},"end":{"line":82,"column":5}},{"start":{},"end":{}}],"line":77},"5":{"loc":{"start":{"line":84,"column":4},"end":{"line":89,"column":5}},"type":"if","locations":[{"start":{"line":84,"column":4},"end":{"line":89,"column":5}},{"start":{},"end":{}}],"line":84},"6":{"loc":{"start":{"line":109,"column":8},"end":{"line":113,"column":9}},"type":"if","locations":[{"start":{"line":109,"column":8},"end":{"line":113,"column":9}},{"start":{},"end":{}}],"line":109},"7":{"loc":{"start":{"line":137,"column":4},"end":{"line":139,"column":5}},"type":"if","locations":[{"start":{"line":137,"column":4},"end":{"line":139,"column":5}},{"start":{},"end":{}}],"line":137},"8":{"loc":{"start":{"line":137,"column":8},"end":{"line":137,"column":60}},"type":"binary-expr","locations":[{"start":{"line":137,"column":8},"end":{"line":137,"column":29}},{"start":{"line":137,"column":33},"end":{"line":137,"column":60}}],"line":137},"9":{"loc":{"start":{"line":158,"column":8},"end":{"line":162,"column":9}},"type":"if","locations":[{"start":{"line":158,"column":8},"end":{"line":162,"column":9}},{"start":{},"end":{}}],"line":158},"10":{"loc":{"start":{"line":165,"column":8},"end":{"line":169,"column":9}},"type":"if","locations":[{"start":{"line":165,"column":8},"end":{"line":169,"column":9}},{"start":{},"end":{}}],"line":165},"11":{"loc":{"start":{"line":165,"column":12},"end":{"line":165,"column":85}},"type":"binary-expr","locations":[{"start":{"line":165,"column":12},"end":{"line":165,"column":56}},{"start":{"line":165,"column":60},"end":{"line":165,"column":85}}],"line":165},"12":{"loc":{"start":{"line":188,"column":8},"end":{"line":192,"column":9}},"type":"if","locations":[{"start":{"line":188,"column":8},"end":{"line":192,"column":9}},{"start":{},"end":{}}],"line":188},"13":{"loc":{"start":{"line":196,"column":8},"end":{"line":200,"column":9}},"type":"if","locations":[{"start":{"line":196,"column":8},"end":{"line":200,"column":9}},{"start":{},"end":{}}],"line":196},"14":{"loc":{"start":{"line":196,"column":12},"end":{"line":196,"column":85}},"type":"binary-expr","locations":[{"start":{"line":196,"column":12},"end":{"line":196,"column":56}},{"start":{"line":196,"column":60},"end":{"line":196,"column":85}}],"line":196},"15":{"loc":{"start":{"line":214,"column":4},"end":{"line":218,"column":5}},"type":"if","locations":[{"start":{"line":214,"column":4},"end":{"line":218,"column":5}},{"start":{},"end":{}}],"line":214},"16":{"loc":{"start":{"line":221,"column":4},"end":{"line":225,"column":5}},"type":"if","locations":[{"start":{"line":221,"column":4},"end":{"line":225,"column":5}},{"start":{},"end":{}}],"line":221},"17":{"loc":{"start":{"line":221,"column":8},"end":{"line":221,"column":81}},"type":"binary-expr","locations":[{"start":{"line":221,"column":8},"end":{"line":221,"column":52}},{"start":{"line":221,"column":56},"end":{"line":221,"column":81}}],"line":221},"18":{"loc":{"start":{"line":227,"column":4},"end":{"line":231,"column":5}},"type":"if","locations":[{"start":{"line":227,"column":4},"end":{"line":231,"column":5}},{"start":{},"end":{}}],"line":227},"19":{"loc":{"start":{"line":236,"column":4},"end":{"line":238,"column":5}},"type":"if","locations":[{"start":{"line":236,"column":4},"end":{"line":238,"column":5}},{"start":{},"end":{}}],"line":236},"20":{"loc":{"start":{"line":241,"column":4},"end":{"line":245,"column":5}},"type":"if","locations":[{"start":{"line":241,"column":4},"end":{"line":245,"column":5}},{"start":{},"end":{}}],"line":241},"21":{"loc":{"start":{"line":254,"column":8},"end":{"line":259,"column":9}},"type":"if","locations":[{"start":{"line":254,"column":8},"end":{"line":259,"column":9}},{"start":{},"end":{}}],"line":254}},"s":{"0":22,"1":22,"2":22,"3":22,"4":22,"5":2,"6":2,"7":2,"8":8,"9":2,"10":2,"11":0,"12":2,"13":2,"14":2,"15":1,"16":1,"17":1,"18":2,"19":1,"20":1,"21":1,"22":2,"23":2,"24":2,"25":2,"26":2,"27":2,"28":2,"29":2,"30":2,"31":1,"32":2,"33":0,"34":2,"35":22,"36":2,"37":1,"38":1,"39":0,"40":22,"41":25,"42":25,"43":25,"44":25,"45":1,"46":24,"47":23,"48":22,"49":3,"50":3,"51":1,"52":2,"53":1,"54":1,"55":1,"56":22,"57":3,"58":3,"59":1,"60":2,"61":1,"62":1,"63":1,"64":22,"65":5,"66":5,"67":0,"68":5,"69":0,"70":5,"71":1,"72":4,"73":4,"74":4,"75":1,"76":3,"77":1,"78":2,"79":2,"80":2,"81":2,"82":1,"83":1,"84":1,"85":1},"f":{"0":2,"1":8,"2":0,"3":2,"4":25,"5":3,"6":3,"7":5,"8":2},"b":{"0":[1,1],"1":[1,1],"2":[2,1],"3":[2,1],"4":[1,1],"5":[0,2],"6":[1,0],"7":[1,24],"8":[25,6],"9":[1,2],"10":[1,1],"11":[2,1],"12":[1,2],"13":[1,1],"14":[2,1],"15":[0,5],"16":[0,5],"17":[5,0],"18":[1,4],"19":[1,3],"20":[1,2],"21":[1,1]},"_coverageSchema":"1a1c01bbd47fc00a2c39e90264f33305004495a9","hash":"9d2a6c0f62cf59ae49a00da6f77ca49a1abeb921"}
,"/Users/jamescarroll/WebstormProjects/stickers/controllers/users.js": {"path":"/Users/jamescarroll/WebstormProjects/stickers/controllers/users.js","statementMap":{"0":{"start":{"line":1,"column":22},"end":{"line":1,"column":55}},"1":{"start":{"line":2,"column":21},"end":{"line":2,"column":51}},"2":{"start":{"line":3,"column":13},"end":{"line":3,"column":38}},"3":{"start":{"line":8,"column":0},"end":{"line":10,"column":2}},"4":{"start":{"line":9,"column":4},"end":{"line":9,"column":46}},"5":{"start":{"line":15,"column":0},"end":{"line":22,"column":2}},"6":{"start":{"line":16,"column":17},"end":{"line":16,"column":51}},"7":{"start":{"line":18,"column":4},"end":{"line":21,"column":7}},"8":{"start":{"line":27,"column":0},"end":{"line":34,"column":2}},"9":{"start":{"line":28,"column":17},"end":{"line":28,"column":44}},"10":{"start":{"line":30,"column":4},"end":{"line":33,"column":7}},"11":{"start":{"line":39,"column":0},"end":{"line":49,"column":2}},"12":{"start":{"line":40,"column":17},"end":{"line":43,"column":6}},"13":{"start":{"line":45,"column":4},"end":{"line":48,"column":7}},"14":{"start":{"line":54,"column":0},"end":{"line":61,"column":2}},"15":{"start":{"line":55,"column":17},"end":{"line":55,"column":60}},"16":{"start":{"line":57,"column":4},"end":{"line":60,"column":7}}},"fnMap":{"0":{"name":"(anonymous_0)","decl":{"start":{"line":8,"column":32},"end":{"line":8,"column":33}},"loc":{"start":{"line":8,"column":58},"end":{"line":10,"column":1}},"line":8},"1":{"name":"(anonymous_1)","decl":{"start":{"line":15,"column":31},"end":{"line":15,"column":32}},"loc":{"start":{"line":15,"column":57},"end":{"line":22,"column":1}},"line":15},"2":{"name":"(anonymous_2)","decl":{"start":{"line":27,"column":34},"end":{"line":27,"column":35}},"loc":{"start":{"line":27,"column":60},"end":{"line":34,"column":1}},"line":27},"3":{"name":"(anonymous_3)","decl":{"start":{"line":39,"column":34},"end":{"line":39,"column":35}},"loc":{"start":{"line":39,"column":60},"end":{"line":49,"column":1}},"line":39},"4":{"name":"(anonymous_4)","decl":{"start":{"line":54,"column":34},"end":{"line":54,"column":35}},"loc":{"start":{"line":54,"column":60},"end":{"line":61,"column":1}},"line":54}},"branchMap":{},"s":{"0":21,"1":21,"2":21,"3":21,"4":1,"5":21,"6":0,"7":0,"8":21,"9":1,"10":1,"11":21,"12":1,"13":1,"14":21,"15":1,"16":1},"f":{"0":1,"1":0,"2":1,"3":1,"4":1},"b":{},"_coverageSchema":"1a1c01bbd47fc00a2c39e90264f33305004495a9","hash":"f13ee533b04b18b83adfacc57a09bac12cec408c"}
,"/Users/jamescarroll/WebstormProjects/stickers/middleware/advancedResults.js": {"path":"/Users/jamescarroll/WebstormProjects/stickers/middleware/advancedResults.js","statementMap":{"0":{"start":{"line":2,"column":24},"end":{"line":86,"column":1}},"1":{"start":{"line":2,"column":45},"end":{"line":86,"column":1}},"2":{"start":{"line":7,"column":21},"end":{"line":7,"column":37}},"3":{"start":{"line":10,"column":25},"end":{"line":10,"column":60}},"4":{"start":{"line":13,"column":4},"end":{"line":13,"column":58}},"5":{"start":{"line":13,"column":34},"end":{"line":13,"column":56}},"6":{"start":{"line":16,"column":19},"end":{"line":16,"column":43}},"7":{"start":{"line":20,"column":4},"end":{"line":20,"column":81}},"8":{"start":{"line":20,"column":68},"end":{"line":20,"column":79}},"9":{"start":{"line":21,"column":4},"end":{"line":21,"column":26}},"10":{"start":{"line":24,"column":4},"end":{"line":24,"column":45}},"11":{"start":{"line":27,"column":4},"end":{"line":32,"column":5}},"12":{"start":{"line":28,"column":23},"end":{"line":28,"column":58}},"13":{"start":{"line":29,"column":8},"end":{"line":29,"column":35}},"14":{"start":{"line":31,"column":8},"end":{"line":31,"column":41}},"15":{"start":{"line":35,"column":4},"end":{"line":41,"column":5}},"16":{"start":{"line":38,"column":23},"end":{"line":38,"column":60}},"17":{"start":{"line":39,"column":8},"end":{"line":39,"column":37}},"18":{"start":{"line":40,"column":8},"end":{"line":40,"column":73}},"19":{"start":{"line":44,"column":17},"end":{"line":44,"column":50}},"20":{"start":{"line":45,"column":18},"end":{"line":45,"column":53}},"21":{"start":{"line":46,"column":23},"end":{"line":46,"column":41}},"22":{"start":{"line":47,"column":21},"end":{"line":47,"column":33}},"23":{"start":{"line":48,"column":18},"end":{"line":48,"column":46}},"24":{"start":{"line":52,"column":4},"end":{"line":52,"column":48}},"25":{"start":{"line":54,"column":4},"end":{"line":56,"column":5}},"26":{"start":{"line":55,"column":8},"end":{"line":55,"column":41}},"27":{"start":{"line":59,"column":20},"end":{"line":59,"column":31}},"28":{"start":{"line":62,"column":23},"end":{"line":62,"column":25}},"29":{"start":{"line":64,"column":4},"end":{"line":69,"column":5}},"30":{"start":{"line":65,"column":8},"end":{"line":68,"column":9}},"31":{"start":{"line":71,"column":4},"end":{"line":76,"column":5}},"32":{"start":{"line":72,"column":8},"end":{"line":75,"column":9}},"33":{"start":{"line":78,"column":4},"end":{"line":83,"column":5}},"34":{"start":{"line":85,"column":4},"end":{"line":85,"column":11}},"35":{"start":{"line":88,"column":0},"end":{"line":88,"column":33}}},"fnMap":{"0":{"name":"(anonymous_0)","decl":{"start":{"line":2,"column":24},"end":{"line":2,"column":25}},"loc":{"start":{"line":2,"column":45},"end":{"line":86,"column":1}},"line":2},"1":{"name":"(anonymous_1)","decl":{"start":{"line":2,"column":45},"end":{"line":2,"column":46}},"loc":{"start":{"line":2,"column":71},"end":{"line":86,"column":1}},"line":2},"2":{"name":"(anonymous_2)","decl":{"start":{"line":13,"column":25},"end":{"line":13,"column":26}},"loc":{"start":{"line":13,"column":34},"end":{"line":13,"column":56}},"line":13},"3":{"name":"(anonymous_3)","decl":{"start":{"line":20,"column":59},"end":{"line":20,"column":60}},"loc":{"start":{"line":20,"column":68},"end":{"line":20,"column":79}},"line":20}},"branchMap":{"0":{"loc":{"start":{"line":27,"column":4},"end":{"line":32,"column":5}},"type":"if","locations":[{"start":{"line":27,"column":4},"end":{"line":32,"column":5}},{"start":{"line":30,"column":11},"end":{"line":32,"column":5}}],"line":27},"1":{"loc":{"start":{"line":35,"column":4},"end":{"line":41,"column":5}},"type":"if","locations":[{"start":{"line":35,"column":4},"end":{"line":41,"column":5}},{"start":{},"end":{}}],"line":35},"2":{"loc":{"start":{"line":44,"column":17},"end":{"line":44,"column":50}},"type":"binary-expr","locations":[{"start":{"line":44,"column":17},"end":{"line":44,"column":45}},{"start":{"line":44,"column":49},"end":{"line":44,"column":50}}],"line":44},"3":{"loc":{"start":{"line":45,"column":18},"end":{"line":45,"column":53}},"type":"binary-expr","locations":[{"start":{"line":45,"column":18},"end":{"line":45,"column":47}},{"start":{"line":45,"column":51},"end":{"line":45,"column":53}}],"line":45},"4":{"loc":{"start":{"line":54,"column":4},"end":{"line":56,"column":5}},"type":"if","locations":[{"start":{"line":54,"column":4},"end":{"line":56,"column":5}},{"start":{},"end":{}}],"line":54},"5":{"loc":{"start":{"line":64,"column":4},"end":{"line":69,"column":5}},"type":"if","locations":[{"start":{"line":64,"column":4},"end":{"line":69,"column":5}},{"start":{},"end":{}}],"line":64},"6":{"loc":{"start":{"line":71,"column":4},"end":{"line":76,"column":5}},"type":"if","locations":[{"start":{"line":71,"column":4},"end":{"line":76,"column":5}},{"start":{},"end":{}}],"line":71}},"s":{"0":21,"1":85,"2":9,"3":9,"4":9,"5":36,"6":9,"7":9,"8":0,"9":9,"10":9,"11":9,"12":2,"13":2,"14":7,"15":9,"16":3,"17":3,"18":3,"19":9,"20":9,"21":9,"22":9,"23":9,"24":9,"25":9,"26":8,"27":9,"28":9,"29":9,"30":3,"31":9,"32":1,"33":9,"34":9,"35":21},"f":{"0":85,"1":9,"2":36,"3":0},"b":{"0":[2,7],"1":[3,6],"2":[9,6],"3":[9,6],"4":[8,1],"5":[3,6],"6":[1,8]},"_coverageSchema":"1a1c01bbd47fc00a2c39e90264f33305004495a9","hash":"5b36a1b96edb42e0be3df66c75fe83f7243344c7"}
,"/Users/jamescarroll/WebstormProjects/stickers/middleware/async.js": {"path":"/Users/jamescarroll/WebstormProjects/stickers/middleware/async.js","statementMap":{"0":{"start":{"line":4,"column":21},"end":{"line":7,"column":20}},"1":{"start":{"line":4,"column":27},"end":{"line":7,"column":20}},"2":{"start":{"line":5,"column":4},"end":{"line":7,"column":20}},"3":{"start":{"line":9,"column":0},"end":{"line":9,"column":30}}},"fnMap":{"0":{"name":"(anonymous_0)","decl":{"start":{"line":4,"column":21},"end":{"line":4,"column":22}},"loc":{"start":{"line":4,"column":27},"end":{"line":7,"column":20}},"line":4},"1":{"name":"(anonymous_1)","decl":{"start":{"line":4,"column":27},"end":{"line":4,"column":28}},"loc":{"start":{"line":5,"column":4},"end":{"line":7,"column":20}},"line":5}},"branchMap":{},"s":{"0":23,"1":637,"2":224,"3":23},"f":{"0":637,"1":224},"b":{},"_coverageSchema":"1a1c01bbd47fc00a2c39e90264f33305004495a9","hash":"2887230a5a0d03ba9b09b1ca8f57b5acca71c725"}
,"/Users/jamescarroll/WebstormProjects/stickers/middleware/auth.js": {"path":"/Users/jamescarroll/WebstormProjects/stickers/middleware/auth.js","statementMap":{"0":{"start":{"line":1,"column":12},"end":{"line":1,"column":35}},"1":{"start":{"line":2,"column":21},"end":{"line":2,"column":39}},"2":{"start":{"line":3,"column":22},"end":{"line":3,"column":55}},"3":{"start":{"line":4,"column":13},"end":{"line":4,"column":38}},"4":{"start":{"line":8,"column":0},"end":{"line":35,"column":3}},"5":{"start":{"line":11,"column":4},"end":{"line":17,"column":5}},"6":{"start":{"line":12,"column":8},"end":{"line":12,"column":56}},"7":{"start":{"line":13,"column":11},"end":{"line":17,"column":5}},"8":{"start":{"line":14,"column":8},"end":{"line":14,"column":34}},"9":{"start":{"line":15,"column":11},"end":{"line":17,"column":5}},"10":{"start":{"line":16,"column":6},"end":{"line":16,"column":32}},"11":{"start":{"line":20,"column":4},"end":{"line":22,"column":5}},"12":{"start":{"line":21,"column":8},"end":{"line":21,"column":83}},"13":{"start":{"line":24,"column":4},"end":{"line":34,"column":5}},"14":{"start":{"line":26,"column":24},"end":{"line":26,"column":65}},"15":{"start":{"line":27,"column":8},"end":{"line":27,"column":29}},"16":{"start":{"line":29,"column":8},"end":{"line":29,"column":51}},"17":{"start":{"line":31,"column":8},"end":{"line":31,"column":15}},"18":{"start":{"line":33,"column":8},"end":{"line":33,"column":83}},"19":{"start":{"line":38,"column":0},"end":{"line":45,"column":1}},"20":{"start":{"line":39,"column":4},"end":{"line":44,"column":5}},"21":{"start":{"line":40,"column":8},"end":{"line":42,"column":9}},"22":{"start":{"line":41,"column":12},"end":{"line":41,"column":117}},"23":{"start":{"line":43,"column":8},"end":{"line":43,"column":15}}},"fnMap":{"0":{"name":"(anonymous_0)","decl":{"start":{"line":8,"column":31},"end":{"line":8,"column":32}},"loc":{"start":{"line":8,"column":57},"end":{"line":35,"column":1}},"line":8},"1":{"name":"(anonymous_1)","decl":{"start":{"line":38,"column":20},"end":{"line":38,"column":21}},"loc":{"start":{"line":38,"column":34},"end":{"line":45,"column":1}},"line":38},"2":{"name":"(anonymous_2)","decl":{"start":{"line":39,"column":11},"end":{"line":39,"column":12}},"loc":{"start":{"line":39,"column":31},"end":{"line":44,"column":5}},"line":39}},"branchMap":{"0":{"loc":{"start":{"line":11,"column":4},"end":{"line":17,"column":5}},"type":"if","locations":[{"start":{"line":11,"column":4},"end":{"line":17,"column":5}},{"start":{"line":13,"column":11},"end":{"line":17,"column":5}}],"line":11},"1":{"loc":{"start":{"line":11,"column":8},"end":{"line":11,"column":83}},"type":"binary-expr","locations":[{"start":{"line":11,"column":8},"end":{"line":11,"column":33}},{"start":{"line":11,"column":37},"end":{"line":11,"column":83}}],"line":11},"2":{"loc":{"start":{"line":13,"column":11},"end":{"line":17,"column":5}},"type":"if","locations":[{"start":{"line":13,"column":11},"end":{"line":17,"column":5}},{"start":{"line":15,"column":11},"end":{"line":17,"column":5}}],"line":13},"3":{"loc":{"start":{"line":15,"column":11},"end":{"line":17,"column":5}},"type":"if","locations":[{"start":{"line":15,"column":11},"end":{"line":17,"column":5}},{"start":{},"end":{}}],"line":15},"4":{"loc":{"start":{"line":20,"column":4},"end":{"line":22,"column":5}},"type":"if","locations":[{"start":{"line":20,"column":4},"end":{"line":22,"column":5}},{"start":{},"end":{}}],"line":20},"5":{"loc":{"start":{"line":40,"column":8},"end":{"line":42,"column":9}},"type":"if","locations":[{"start":{"line":40,"column":8},"end":{"line":42,"column":9}},{"start":{},"end":{}}],"line":40}},"s":{"0":22,"1":22,"2":22,"3":22,"4":22,"5":64,"6":61,"7":3,"8":1,"9":2,"10":0,"11":64,"12":2,"13":62,"14":62,"15":61,"16":61,"17":61,"18":1,"19":22,"20":107,"21":17,"22":2,"23":15},"f":{"0":64,"1":107,"2":17},"b":{"0":[61,3],"1":[64,62],"2":[1,2],"3":[0,2],"4":[2,62],"5":[2,15]},"_coverageSchema":"1a1c01bbd47fc00a2c39e90264f33305004495a9","hash":"69899a78759f21ce673cb195135df1061937dd5a"}
,"/Users/jamescarroll/WebstormProjects/stickers/middleware/error.js": {"path":"/Users/jamescarroll/WebstormProjects/stickers/middleware/error.js","statementMap":{"0":{"start":{"line":3,"column":22},"end":{"line":3,"column":55}},"1":{"start":{"line":4,"column":21},"end":{"line":35,"column":1}},"2":{"start":{"line":6,"column":4},"end":{"line":6,"column":21}},"3":{"start":{"line":7,"column":16},"end":{"line":7,"column":26}},"4":{"start":{"line":8,"column":4},"end":{"line":8,"column":32}},"5":{"start":{"line":11,"column":4},"end":{"line":16,"column":5}},"6":{"start":{"line":14,"column":24},"end":{"line":14,"column":70}},"7":{"start":{"line":15,"column":8},"end":{"line":15,"column":48}},"8":{"start":{"line":19,"column":4},"end":{"line":22,"column":5}},"9":{"start":{"line":20,"column":24},"end":{"line":20,"column":55}},"10":{"start":{"line":21,"column":8},"end":{"line":21,"column":48}},"11":{"start":{"line":25,"column":4},"end":{"line":28,"column":5}},"12":{"start":{"line":26,"column":25},"end":{"line":26,"column":70}},"13":{"start":{"line":26,"column":60},"end":{"line":26,"column":69}},"14":{"start":{"line":27,"column":8},"end":{"line":27,"column":60}},"15":{"start":{"line":31,"column":4},"end":{"line":34,"column":7}},"16":{"start":{"line":37,"column":0},"end":{"line":37,"column":30}}},"fnMap":{"0":{"name":"(anonymous_0)","decl":{"start":{"line":4,"column":21},"end":{"line":4,"column":22}},"loc":{"start":{"line":4,"column":46},"end":{"line":35,"column":1}},"line":4},"1":{"name":"(anonymous_1)","decl":{"start":{"line":26,"column":55},"end":{"line":26,"column":56}},"loc":{"start":{"line":26,"column":60},"end":{"line":26,"column":69}},"line":26}},"branchMap":{"0":{"loc":{"start":{"line":11,"column":4},"end":{"line":16,"column":5}},"type":"if","locations":[{"start":{"line":11,"column":4},"end":{"line":16,"column":5}},{"start":{},"end":{}}],"line":11},"1":{"loc":{"start":{"line":19,"column":4},"end":{"line":22,"column":5}},"type":"if","locations":[{"start":{"line":19,"column":4},"end":{"line":22,"column":5}},{"start":{},"end":{}}],"line":19},"2":{"loc":{"start":{"line":25,"column":4},"end":{"line":28,"column":5}},"type":"if","locations":[{"start":{"line":25,"column":4},"end":{"line":28,"column":5}},{"start":{},"end":{}}],"line":25},"3":{"loc":{"start":{"line":31,"column":15},"end":{"line":31,"column":38}},"type":"binary-expr","locations":[{"start":{"line":31,"column":15},"end":{"line":31,"column":31}},{"start":{"line":31,"column":35},"end":{"line":31,"column":38}}],"line":31},"4":{"loc":{"start":{"line":33,"column":15},"end":{"line":33,"column":46}},"type":"binary-expr","locations":[{"start":{"line":33,"column":15},"end":{"line":33,"column":28}},{"start":{"line":33,"column":32},"end":{"line":33,"column":46}}],"line":33}},"s":{"0":21,"1":21,"2":29,"3":29,"4":29,"5":29,"6":1,"7":1,"8":29,"9":1,"10":1,"11":29,"12":1,"13":2,"14":1,"15":29,"16":21},"f":{"0":29,"1":2},"b":{"0":[1,28],"1":[1,28],"2":[1,28],"3":[29,0],"4":[29,0]},"_coverageSchema":"1a1c01bbd47fc00a2c39e90264f33305004495a9","hash":"00227fe0001bb19c41a046e05e1181e3cc9d694e"}
,"/Users/jamescarroll/WebstormProjects/stickers/middleware/logger.js": {"path":"/Users/jamescarroll/WebstormProjects/stickers/middleware/logger.js","statementMap":{"0":{"start":{"line":6,"column":15},"end":{"line":10,"column":1}},"1":{"start":{"line":7,"column":4},"end":{"line":7,"column":30}},"2":{"start":{"line":8,"column":4},"end":{"line":8,"column":88}},"3":{"start":{"line":9,"column":4},"end":{"line":9,"column":11}},"4":{"start":{"line":12,"column":0},"end":{"line":12,"column":24}}},"fnMap":{"0":{"name":"(anonymous_0)","decl":{"start":{"line":6,"column":15},"end":{"line":6,"column":16}},"loc":{"start":{"line":6,"column":35},"end":{"line":10,"column":1}},"line":6}},"branchMap":{},"s":{"0":0,"1":0,"2":0,"3":0,"4":0},"f":{"0":0},"b":{}}
,"/Users/jamescarroll/WebstormProjects/stickers/models/Review.js": {"path":"/Users/jamescarroll/WebstormProjects/stickers/models/Review.js","statementMap":{"0":{"start":{"line":1,"column":17},"end":{"line":1,"column":36}},"1":{"start":{"line":3,"column":21},"end":{"line":27,"column":2}},"2":{"start":{"line":30,"column":0},"end":{"line":53,"column":1}},"3":{"start":{"line":32,"column":19},"end":{"line":40,"column":6}},"4":{"start":{"line":43,"column":4},"end":{"line":52,"column":5}},"5":{"start":{"line":44,"column":20},"end":{"line":44,"column":67}},"6":{"start":{"line":45,"column":8},"end":{"line":49,"column":10}},"7":{"start":{"line":51,"column":8},"end":{"line":51,"column":73}},"8":{"start":{"line":56,"column":0},"end":{"line":58,"column":3}},"9":{"start":{"line":57,"column":4},"end":{"line":57,"column":59}},"10":{"start":{"line":61,"column":0},"end":{"line":63,"column":3}},"11":{"start":{"line":62,"column":4},"end":{"line":62,"column":59}},"12":{"start":{"line":66,"column":0},"end":{"line":66,"column":69}},"13":{"start":{"line":68,"column":0},"end":{"line":68,"column":56}}},"fnMap":{"0":{"name":"(anonymous_0)","decl":{"start":{"line":30,"column":40},"end":{"line":30,"column":41}},"loc":{"start":{"line":30,"column":71},"end":{"line":53,"column":1}},"line":30},"1":{"name":"(anonymous_1)","decl":{"start":{"line":56,"column":26},"end":{"line":56,"column":27}},"loc":{"start":{"line":56,"column":37},"end":{"line":58,"column":1}},"line":56},"2":{"name":"(anonymous_2)","decl":{"start":{"line":61,"column":65},"end":{"line":61,"column":66}},"loc":{"start":{"line":61,"column":76},"end":{"line":63,"column":1}},"line":61}},"branchMap":{"0":{"loc":{"start":{"line":44,"column":20},"end":{"line":44,"column":67}},"type":"cond-expr","locations":[{"start":{"line":44,"column":40},"end":{"line":44,"column":63}},{"start":{"line":44,"column":66},"end":{"line":44,"column":67}}],"line":44}},"s":{"0":21,"1":21,"2":21,"3":6,"4":6,"5":6,"6":6,"7":0,"8":21,"9":5,"10":21,"11":1,"12":21,"13":21},"f":{"0":6,"1":5,"2":1},"b":{"0":[5,1]},"_coverageSchema":"1a1c01bbd47fc00a2c39e90264f33305004495a9","hash":"86597dddff2b5519d63f6a54bdac5ad59be0382b"}
,"/Users/jamescarroll/WebstormProjects/stickers/models/Stick.js": {"path":"/Users/jamescarroll/WebstormProjects/stickers/models/Stick.js","statementMap":{"0":{"start":{"line":1,"column":17},"end":{"line":1,"column":36}},"1":{"start":{"line":3,"column":23},"end":{"line":3,"column":59}},"2":{"start":{"line":4,"column":20},"end":{"line":4,"column":113}},"3":{"start":{"line":6,"column":20},"end":{"line":50,"column":2}},"4":{"start":{"line":53,"column":0},"end":{"line":78,"column":1}},"5":{"start":{"line":57,"column":19},"end":{"line":65,"column":6}},"6":{"start":{"line":68,"column":4},"end":{"line":77,"column":5}},"7":{"start":{"line":69,"column":20},"end":{"line":69,"column":65}},"8":{"start":{"line":70,"column":8},"end":{"line":74,"column":10}},"9":{"start":{"line":76,"column":8},"end":{"line":76,"column":71}},"10":{"start":{"line":81,"column":0},"end":{"line":83,"column":3}},"11":{"start":{"line":82,"column":4},"end":{"line":82,"column":57}},"12":{"start":{"line":86,"column":0},"end":{"line":88,"column":3}},"13":{"start":{"line":87,"column":4},"end":{"line":87,"column":57}},"14":{"start":{"line":90,"column":0},"end":{"line":90,"column":54}}},"fnMap":{"0":{"name":"(anonymous_0)","decl":{"start":{"line":53,"column":37},"end":{"line":53,"column":38}},"loc":{"start":{"line":53,"column":68},"end":{"line":78,"column":1}},"line":53},"1":{"name":"(anonymous_1)","decl":{"start":{"line":81,"column":25},"end":{"line":81,"column":26}},"loc":{"start":{"line":81,"column":36},"end":{"line":83,"column":1}},"line":81},"2":{"name":"(anonymous_2)","decl":{"start":{"line":86,"column":64},"end":{"line":86,"column":65}},"loc":{"start":{"line":86,"column":75},"end":{"line":88,"column":1}},"line":86}},"branchMap":{"0":{"loc":{"start":{"line":69,"column":20},"end":{"line":69,"column":65}},"type":"cond-expr","locations":[{"start":{"line":69,"column":40},"end":{"line":69,"column":61}},{"start":{"line":69,"column":64},"end":{"line":69,"column":65}}],"line":69}},"s":{"0":21,"1":21,"2":21,"3":21,"4":21,"5":5,"6":5,"7":5,"8":5,"9":0,"10":21,"11":5,"12":21,"13":0,"14":21},"f":{"0":5,"1":5,"2":0},"b":{"0":[5,0]},"_coverageSchema":"1a1c01bbd47fc00a2c39e90264f33305004495a9","hash":"49b1614f22273e24ad0d8690a25a986bd94a1684"}
,"/Users/jamescarroll/WebstormProjects/stickers/models/Stickerboard.js": {"path":"/Users/jamescarroll/WebstormProjects/stickers/models/Stickerboard.js","statementMap":{"0":{"start":{"line":2,"column":17},"end":{"line":2,"column":36}},"1":{"start":{"line":3,"column":16},"end":{"line":3,"column":34}},"2":{"start":{"line":5,"column":27},"end":{"line":40,"column":1}},"3":{"start":{"line":43,"column":0},"end":{"line":46,"column":3}},"4":{"start":{"line":44,"column":4},"end":{"line":44,"column":52}},"5":{"start":{"line":45,"column":4},"end":{"line":45,"column":54}},"6":{"start":{"line":49,"column":0},"end":{"line":53,"column":3}},"7":{"start":{"line":50,"column":4},"end":{"line":50,"column":93}},"8":{"start":{"line":51,"column":4},"end":{"line":51,"column":72}},"9":{"start":{"line":56,"column":0},"end":{"line":61,"column":3}},"10":{"start":{"line":63,"column":0},"end":{"line":63,"column":100}}},"fnMap":{"0":{"name":"(anonymous_0)","decl":{"start":{"line":43,"column":31},"end":{"line":43,"column":32}},"loc":{"start":{"line":43,"column":43},"end":{"line":46,"column":1}},"line":43},"1":{"name":"(anonymous_1)","decl":{"start":{"line":49,"column":69},"end":{"line":49,"column":70}},"loc":{"start":{"line":49,"column":91},"end":{"line":53,"column":1}},"line":49}},"branchMap":{"0":{"loc":{"start":{"line":63,"column":17},"end":{"line":63,"column":99}},"type":"binary-expr","locations":[{"start":{"line":63,"column":17},"end":{"line":63,"column":45}},{"start":{"line":63,"column":49},"end":{"line":63,"column":99}}],"line":63}},"s":{"0":21,"1":21,"2":21,"3":21,"4":24,"5":24,"6":21,"7":1,"8":1,"9":21,"10":21},"f":{"0":24,"1":1},"b":{"0":[21,21]},"_coverageSchema":"1a1c01bbd47fc00a2c39e90264f33305004495a9","hash":"14b56af32454bcdcfe6817582a1a5026dcf2dbec"}
,"/Users/jamescarroll/WebstormProjects/stickers/models/User.js": {"path":"/Users/jamescarroll/WebstormProjects/stickers/models/User.js","statementMap":{"0":{"start":{"line":1,"column":15},"end":{"line":1,"column":32}},"1":{"start":{"line":2,"column":17},"end":{"line":2,"column":36}},"2":{"start":{"line":3,"column":15},"end":{"line":3,"column":34}},"3":{"start":{"line":4,"column":12},"end":{"line":4,"column":35}},"4":{"start":{"line":6,"column":19},"end":{"line":37,"column":2}},"5":{"start":{"line":40,"column":0},"end":{"line":44,"column":3}},"6":{"start":{"line":41,"column":4},"end":{"line":41,"column":45}},"7":{"start":{"line":41,"column":38},"end":{"line":41,"column":45}},"8":{"start":{"line":42,"column":17},"end":{"line":42,"column":41}},"9":{"start":{"line":43,"column":4},"end":{"line":43,"column":59}},"10":{"start":{"line":47,"column":0},"end":{"line":50,"column":1}},"11":{"start":{"line":49,"column":4},"end":{"line":49,"column":101}},"12":{"start":{"line":53,"column":0},"end":{"line":55,"column":1}},"13":{"start":{"line":54,"column":4},"end":{"line":54,"column":64}},"14":{"start":{"line":58,"column":0},"end":{"line":73,"column":1}},"15":{"start":{"line":60,"column":23},"end":{"line":60,"column":61}},"16":{"start":{"line":63,"column":4},"end":{"line":66,"column":23}},"17":{"start":{"line":69,"column":4},"end":{"line":69,"column":59}},"18":{"start":{"line":72,"column":4},"end":{"line":72,"column":22}},"19":{"start":{"line":75,"column":0},"end":{"line":75,"column":76}}},"fnMap":{"0":{"name":"(anonymous_0)","decl":{"start":{"line":40,"column":23},"end":{"line":40,"column":24}},"loc":{"start":{"line":40,"column":40},"end":{"line":44,"column":1}},"line":40},"1":{"name":"(anonymous_1)","decl":{"start":{"line":47,"column":39},"end":{"line":47,"column":40}},"loc":{"start":{"line":47,"column":50},"end":{"line":50,"column":1}},"line":47},"2":{"name":"(anonymous_2)","decl":{"start":{"line":53,"column":35},"end":{"line":53,"column":36}},"loc":{"start":{"line":53,"column":67},"end":{"line":55,"column":1}},"line":53},"3":{"name":"(anonymous_3)","decl":{"start":{"line":58,"column":43},"end":{"line":58,"column":44}},"loc":{"start":{"line":58,"column":54},"end":{"line":73,"column":1}},"line":58}},"branchMap":{"0":{"loc":{"start":{"line":41,"column":4},"end":{"line":41,"column":45}},"type":"if","locations":[{"start":{"line":41,"column":4},"end":{"line":41,"column":45}},{"start":{},"end":{}}],"line":41},"1":{"loc":{"start":{"line":75,"column":17},"end":{"line":75,"column":75}},"type":"binary-expr","locations":[{"start":{"line":75,"column":17},"end":{"line":75,"column":37}},{"start":{"line":75,"column":41},"end":{"line":75,"column":75}}],"line":75}},"s":{"0":23,"1":23,"2":23,"3":23,"4":23,"5":23,"6":50,"7":5,"8":45,"9":45,"10":23,"11":78,"12":23,"13":41,"14":23,"15":4,"16":4,"17":4,"18":4,"19":23},"f":{"0":50,"1":78,"2":41,"3":4},"b":{"0":[5,45],"1":[23,23]},"_coverageSchema":"1a1c01bbd47fc00a2c39e90264f33305004495a9","hash":"18e9f7396734dbef3e998f34871a94d0073d2743"}
,"/Users/jamescarroll/WebstormProjects/stickers/routes/auth.js": {"path":"/Users/jamescarroll/WebstormProjects/stickers/routes/auth.js","statementMap":{"0":{"start":{"line":2,"column":16},"end":{"line":2,"column":34}},"1":{"start":{"line":12,"column":4},"end":{"line":12,"column":34}},"2":{"start":{"line":13,"column":20},"end":{"line":13,"column":49}},"3":{"start":{"line":15,"column":15},"end":{"line":15,"column":31}},"4":{"start":{"line":17,"column":0},"end":{"line":17,"column":35}},"5":{"start":{"line":18,"column":0},"end":{"line":18,"column":29}},"6":{"start":{"line":19,"column":0},"end":{"line":19,"column":34}},"7":{"start":{"line":20,"column":0},"end":{"line":20,"column":47}},"8":{"start":{"line":21,"column":0},"end":{"line":21,"column":56}},"9":{"start":{"line":22,"column":0},"end":{"line":22,"column":53}},"10":{"start":{"line":23,"column":0},"end":{"line":23,"column":55}},"11":{"start":{"line":24,"column":0},"end":{"line":24,"column":30}},"12":{"start":{"line":25,"column":0},"end":{"line":25,"column":24}}},"fnMap":{},"branchMap":{},"s":{"0":21,"1":21,"2":21,"3":21,"4":21,"5":21,"6":21,"7":21,"8":21,"9":21,"10":21,"11":21,"12":21},"f":{},"b":{},"_coverageSchema":"1a1c01bbd47fc00a2c39e90264f33305004495a9","hash":"162d74140bad2c9652b15d8ee4988e80962ec76b"}
,"/Users/jamescarroll/WebstormProjects/stickers/routes/reviews.js": {"path":"/Users/jamescarroll/WebstormProjects/stickers/routes/reviews.js","statementMap":{"0":{"start":{"line":2,"column":16},"end":{"line":2,"column":34}},"1":{"start":{"line":9,"column":4},"end":{"line":9,"column":37}},"2":{"start":{"line":10,"column":15},"end":{"line":10,"column":54}},"3":{"start":{"line":11,"column":15},"end":{"line":11,"column":42}},"4":{"start":{"line":12,"column":24},"end":{"line":12,"column":64}},"5":{"start":{"line":13,"column":31},"end":{"line":13,"column":60}},"6":{"start":{"line":15,"column":0},"end":{"line":28,"column":6}},"7":{"start":{"line":30,"column":0},"end":{"line":38,"column":6}},"8":{"start":{"line":40,"column":0},"end":{"line":40,"column":24}}},"fnMap":{},"branchMap":{},"s":{"0":21,"1":21,"2":21,"3":21,"4":21,"5":21,"6":21,"7":21,"8":21},"f":{},"b":{},"_coverageSchema":"1a1c01bbd47fc00a2c39e90264f33305004495a9","hash":"876b72944dbc46629769e9c64017deb6918a2800"}
,"/Users/jamescarroll/WebstormProjects/stickers/routes/stickerboard.js": {"path":"/Users/jamescarroll/WebstormProjects/stickers/routes/stickerboard.js","statementMap":{"0":{"start":{"line":2,"column":16},"end":{"line":2,"column":34}},"1":{"start":{"line":4,"column":15},"end":{"line":4,"column":31}},"2":{"start":{"line":7,"column":20},"end":{"line":7,"column":37}},"3":{"start":{"line":8,"column":0},"end":{"line":8,"column":48}},"4":{"start":{"line":9,"column":21},"end":{"line":9,"column":41}},"5":{"start":{"line":10,"column":0},"end":{"line":10,"column":53}},"6":{"start":{"line":12,"column":31},"end":{"line":12,"column":60}},"7":{"start":{"line":22,"column":4},"end":{"line":22,"column":42}},"8":{"start":{"line":24,"column":21},"end":{"line":24,"column":54}},"9":{"start":{"line":25,"column":24},"end":{"line":25,"column":64}},"10":{"start":{"line":28,"column":0},"end":{"line":30,"column":37}},"11":{"start":{"line":32,"column":0},"end":{"line":35,"column":39}},"12":{"start":{"line":37,"column":0},"end":{"line":38,"column":65}},"13":{"start":{"line":40,"column":0},"end":{"line":40,"column":24}}},"fnMap":{},"branchMap":{},"s":{"0":21,"1":21,"2":21,"3":21,"4":21,"5":21,"6":21,"7":21,"8":21,"9":21,"10":21,"11":21,"12":21,"13":21},"f":{},"b":{},"_coverageSchema":"1a1c01bbd47fc00a2c39e90264f33305004495a9","hash":"78514fb27bad12a5491ce52445c89b82242b7f31"}
,"/Users/jamescarroll/WebstormProjects/stickers/routes/stix.js": {"path":"/Users/jamescarroll/WebstormProjects/stickers/routes/stix.js","statementMap":{"0":{"start":{"line":2,"column":16},"end":{"line":2,"column":34}},"1":{"start":{"line":4,"column":15},"end":{"line":4,"column":53}},"2":{"start":{"line":6,"column":31},"end":{"line":6,"column":60}},"3":{"start":{"line":15,"column":4},"end":{"line":15,"column":35}},"4":{"start":{"line":17,"column":14},"end":{"line":17,"column":40}},"5":{"start":{"line":18,"column":24},"end":{"line":18,"column":64}},"6":{"start":{"line":21,"column":0},"end":{"line":23,"column":29}},"7":{"start":{"line":26,"column":0},"end":{"line":27,"column":29}},"8":{"start":{"line":29,"column":0},"end":{"line":31,"column":31}},"9":{"start":{"line":36,"column":0},"end":{"line":36,"column":24}}},"fnMap":{},"branchMap":{},"s":{"0":21,"1":21,"2":21,"3":21,"4":21,"5":21,"6":21,"7":21,"8":21,"9":21},"f":{},"b":{},"_coverageSchema":"1a1c01bbd47fc00a2c39e90264f33305004495a9","hash":"84eef3f2cf6bd97c22662bb89e9ec1fa76ec46db"}
,"/Users/jamescarroll/WebstormProjects/stickers/routes/users.js": {"path":"/Users/jamescarroll/WebstormProjects/stickers/routes/users.js","statementMap":{"0":{"start":{"line":1,"column":16},"end":{"line":1,"column":34}},"1":{"start":{"line":2,"column":15},"end":{"line":2,"column":53}},"2":{"start":{"line":10,"column":4},"end":{"line":10,"column":35}},"3":{"start":{"line":11,"column":13},"end":{"line":11,"column":38}},"4":{"start":{"line":13,"column":24},"end":{"line":13,"column":64}},"5":{"start":{"line":14,"column":31},"end":{"line":14,"column":60}},"6":{"start":{"line":16,"column":0},"end":{"line":16,"column":20}},"7":{"start":{"line":17,"column":0},"end":{"line":17,"column":31}},"8":{"start":{"line":19,"column":0},"end":{"line":21,"column":22}},"9":{"start":{"line":23,"column":0},"end":{"line":26,"column":24}},"10":{"start":{"line":28,"column":0},"end":{"line":28,"column":24}}},"fnMap":{},"branchMap":{},"s":{"0":21,"1":21,"2":21,"3":21,"4":21,"5":21,"6":21,"7":21,"8":21,"9":21,"10":21},"f":{},"b":{},"_coverageSchema":"1a1c01bbd47fc00a2c39e90264f33305004495a9","hash":"23b40ee6f28cf2018c23da34951476a95cac222c"}
,"/Users/jamescarroll/WebstormProjects/stickers/utils/errorResponse.js": {"path":"/Users/jamescarroll/WebstormProjects/stickers/utils/errorResponse.js","statementMap":{"0":{"start":{"line":5,"column":8},"end":{"line":5,"column":23}},"1":{"start":{"line":6,"column":8},"end":{"line":6,"column":37}},"2":{"start":{"line":10,"column":0},"end":{"line":10,"column":31}}},"fnMap":{"0":{"name":"(anonymous_0)","decl":{"start":{"line":4,"column":4},"end":{"line":4,"column":5}},"loc":{"start":{"line":4,"column":37},"end":{"line":7,"column":5}},"line":4}},"branchMap":{},"s":{"0":33,"1":33,"2":23},"f":{"0":33},"b":{},"_coverageSchema":"1a1c01bbd47fc00a2c39e90264f33305004495a9","hash":"a413d6b46fdba2c2e2942b914744b66df7527794"}
,"/Users/jamescarroll/WebstormProjects/stickers/utils/sendEmail.js": {"path":"/Users/jamescarroll/WebstormProjects/stickers/utils/sendEmail.js","statementMap":{"0":{"start":{"line":2,"column":19},"end":{"line":2,"column":40}},"1":{"start":{"line":3,"column":20},"end":{"line":3,"column":47}},"2":{"start":{"line":5,"column":18},"end":{"line":28,"column":1}},"3":{"start":{"line":7,"column":24},"end":{"line":14,"column":6}},"4":{"start":{"line":17,"column":20},"end":{"line":22,"column":5}},"5":{"start":{"line":25,"column":17},"end":{"line":25,"column":52}},"6":{"start":{"line":27,"column":4},"end":{"line":27,"column":52}},"7":{"start":{"line":30,"column":0},"end":{"line":30,"column":27}}},"fnMap":{"0":{"name":"(anonymous_0)","decl":{"start":{"line":5,"column":18},"end":{"line":5,"column":19}},"loc":{"start":{"line":5,"column":37},"end":{"line":28,"column":1}},"line":5}},"branchMap":{},"s":{"0":21,"1":21,"2":21,"3":2,"4":2,"5":2,"6":2,"7":21},"f":{"0":2},"b":{},"_coverageSchema":"1a1c01bbd47fc00a2c39e90264f33305004495a9","hash":"b9b613d30a7d88ea19e4ea03640e66f08711b41c"}
}
