TN:
SF:controllers/auth.js
FN:11,(anonymous_0)
FN:32,(anonymous_1)
FN:62,(anonymous_2)
FN:75,(anonymous_3)
FN:88,(anonymous_4)
FN:130,(anonymous_5)
FN:157,(anonymous_6)
FN:182,(anonymous_7)
FN:204,(anonymous_8)
FNF:9
FNH:9
FNDA:39,(anonymous_0)
FNDA:40,(anonymous_1)
FNDA:1,(anonymous_2)
FNDA:2,(anonymous_3)
FNDA:3,(anonymous_4)
FNDA:2,(anonymous_5)
FNDA:38,(anonymous_6)
FNDA:1,(anonymous_7)
FNDA:2,(anonymous_8)
DA:2,21
DA:3,21
DA:4,21
DA:5,21
DA:6,21
DA:11,21
DA:13,39
DA:16,39
DA:24,39
DA:26,39
DA:32,21
DA:34,40
DA:37,40
DA:38,2
DA:43,38
DA:45,38
DA:46,1
DA:50,37
DA:52,37
DA:53,1
DA:56,36
DA:62,21
DA:63,1
DA:65,1
DA:75,21
DA:76,2
DA:78,2
DA:88,21
DA:89,3
DA:91,3
DA:92,1
DA:96,2
DA:99,2
DA:102,2
DA:103,2
DA:105,2
DA:106,2
DA:113,1
DA:116,1
DA:117,1
DA:118,1
DA:120,1
DA:122,1
DA:130,21
DA:132,2
DA:137,2
DA:142,2
DA:143,1
DA:147,1
DA:148,1
DA:149,1
DA:150,1
DA:153,1
DA:157,21
DA:159,38
DA:160,38
DA:166,38
DA:167,1
DA:170,38
DA:182,21
DA:185,1
DA:189,1
DA:194,1
DA:204,21
DA:207,2
DA:210,2
DA:211,1
DA:214,1
DA:215,1
DA:218,1
LF:70
LH:70
BRDA:37,0,0,2
BRDA:37,0,1,38
BRDA:37,1,0,40
BRDA:37,1,1,39
BRDA:45,2,0,1
BRDA:45,2,1,37
BRDA:52,3,0,1
BRDA:52,3,1,36
BRDA:91,4,0,1
BRDA:91,4,1,2
BRDA:142,5,0,1
BRDA:142,5,1,1
BRDA:166,6,0,1
BRDA:166,6,1,37
BRDA:210,7,0,1
BRDA:210,7,1,1
BRF:16
BRH:16
end_of_record
TN:
SF:controllers/reviews.js
FN:12,(anonymous_0)
FN:31,(anonymous_1)
FN:50,(anonymous_2)
FN:71,(anonymous_3)
FN:98,(anonymous_4)
FNF:5
FNH:5
FNDA:2,(anonymous_0)
FNDA:2,(anonymous_1)
FNDA:5,(anonymous_2)
FNDA:2,(anonymous_3)
FNDA:2,(anonymous_4)
DA:2,21
DA:3,21
DA:4,21
DA:5,21
DA:6,21
DA:12,21
DA:13,2
DA:14,1
DA:17,1
DA:24,1
DA:31,21
DA:32,2
DA:37,2
DA:38,1
DA:41,1
DA:50,21
DA:51,5
DA:52,5
DA:54,5
DA:56,5
DA:57,0
DA:60,5
DA:62,5
DA:71,21
DA:73,2
DA:75,2
DA:76,0
DA:80,2
DA:81,1
DA:84,1
DA:89,1
DA:98,21
DA:100,2
DA:102,2
DA:103,0
DA:107,2
DA:108,1
DA:111,1
DA:113,1
LF:39
LH:36
BRDA:13,0,0,1
BRDA:13,0,1,1
BRDA:37,1,0,1
BRDA:37,1,1,1
BRDA:56,2,0,0
BRDA:56,2,1,5
BRDA:75,3,0,0
BRDA:75,3,1,2
BRDA:80,4,0,1
BRDA:80,4,1,1
BRDA:80,5,0,2
BRDA:80,5,1,1
BRDA:102,6,0,0
BRDA:102,6,1,2
BRDA:107,7,0,1
BRDA:107,7,1,1
BRDA:107,8,0,2
BRDA:107,8,1,1
BRF:18
BRH:15
end_of_record
TN:
SF:controllers/stick.js
FN:11,(anonymous_0)
FN:45,(anonymous_1)
FN:64,(anonymous_2)
FN:100,(anonymous_3)
FN:130,(anonymous_4)
FNF:5
FNH:4
FNDA:2,(anonymous_0)
FNDA:1,(anonymous_1)
FNDA:8,(anonymous_2)
FNDA:2,(anonymous_3)
FNDA:0,(anonymous_4)
DA:2,21
DA:3,21
DA:4,21
DA:5,21
DA:11,21
DA:13,2
DA:15,1
DA:16,1
DA:19,1
DA:24,0
DA:28,0
DA:29,0
DA:34,0
DA:45,21
DA:46,1
DA:51,1
DA:52,1
DA:55,0
DA:64,21
DA:67,8
DA:69,8
DA:74,8
DA:76,8
DA:77,1
DA:81,7
DA:82,1
DA:88,6
DA:90,5
DA:100,21
DA:103,2
DA:105,2
DA:106,0
DA:110,2
DA:111,1
DA:116,1
DA:121,1
DA:130,21
DA:131,0
DA:133,0
DA:134,0
DA:137,0
DA:138,0
LF:42
LH:31
BRDA:13,0,0,1
BRDA:13,0,1,1
BRDA:28,1,0,0
BRDA:28,1,1,0
BRDA:28,2,0,0
BRDA:28,2,1,0
BRDA:28,2,2,0
BRDA:51,3,0,1
BRDA:51,3,1,0
BRDA:76,4,0,1
BRDA:76,4,1,7
BRDA:81,5,0,1
BRDA:81,5,1,6
BRDA:81,6,0,7
BRDA:81,6,1,1
BRDA:105,7,0,0
BRDA:105,7,1,2
BRDA:110,8,0,1
BRDA:110,8,1,1
BRDA:110,9,0,2
BRDA:110,9,1,1
BRDA:133,10,0,0
BRDA:133,10,1,0
BRF:23
BRH:14
end_of_record
TN:
SF:controllers/stickerboard.js
FN:11,(anonymous_0)
FN:30,(anonymous_1)
FN:37,(anonymous_2)
FN:101,(anonymous_3)
FN:128,(anonymous_4)
FN:152,(anonymous_5)
FN:185,(anonymous_6)
FN:211,(anonymous_7)
FN:252,(anonymous_8)
FNF:9
FNH:8
FNDA:2,(anonymous_0)
FNDA:8,(anonymous_1)
FNDA:0,(anonymous_2)
FNDA:2,(anonymous_3)
FNDA:25,(anonymous_4)
FNDA:3,(anonymous_5)
FNDA:3,(anonymous_6)
FNDA:5,(anonymous_7)
FNDA:2,(anonymous_8)
DA:2,22
DA:3,22
DA:4,22
DA:5,22
DA:11,22
DA:21,2
DA:27,2
DA:30,8
DA:33,2
DA:37,2
DA:38,2
DA:41,2
DA:44,2
DA:45,1
DA:46,1
DA:48,1
DA:52,2
DA:55,1
DA:56,1
DA:57,1
DA:61,2
DA:62,2
DA:63,2
DA:64,2
DA:65,2
DA:69,2
DA:72,2
DA:75,2
DA:77,2
DA:78,1
DA:84,2
DA:85,0
DA:93,2
DA:101,22
DA:102,2
DA:109,1
DA:110,1
DA:121,0
DA:128,22
DA:130,25
DA:131,25
DA:134,25
DA:137,25
DA:138,1
DA:141,24
DA:142,23
DA:152,22
DA:156,3
DA:158,3
DA:159,1
DA:165,2
DA:166,1
DA:173,1
DA:179,1
DA:185,22
DA:186,3
DA:188,3
DA:189,1
DA:196,2
DA:197,1
DA:202,1
DA:205,1
DA:211,22
DA:212,5
DA:214,5
DA:215,0
DA:221,5
DA:222,0
DA:227,5
DA:228,1
DA:233,4
DA:234,4
DA:236,4
DA:237,1
DA:241,3
DA:242,1
DA:248,2
DA:249,2
DA:252,2
DA:254,2
DA:255,1
DA:256,1
DA:261,1
DA:262,1
LF:84
LH:80
BRDA:44,0,0,1
BRDA:44,0,1,1
BRDA:52,1,0,1
BRDA:52,1,1,1
BRDA:61,2,0,2
BRDA:61,2,1,1
BRDA:62,3,0,2
BRDA:62,3,1,1
BRDA:77,4,0,1
BRDA:77,4,1,1
BRDA:84,5,0,0
BRDA:84,5,1,2
BRDA:109,6,0,1
BRDA:109,6,1,0
BRDA:137,7,0,1
BRDA:137,7,1,24
BRDA:137,8,0,25
BRDA:137,8,1,6
BRDA:158,9,0,1
BRDA:158,9,1,2
BRDA:165,10,0,1
BRDA:165,10,1,1
BRDA:165,11,0,2
BRDA:165,11,1,1
BRDA:188,12,0,1
BRDA:188,12,1,2
BRDA:196,13,0,1
BRDA:196,13,1,1
BRDA:196,14,0,2
BRDA:196,14,1,1
BRDA:214,15,0,0
BRDA:214,15,1,5
BRDA:221,16,0,0
BRDA:221,16,1,5
BRDA:221,17,0,5
BRDA:221,17,1,0
BRDA:227,18,0,1
BRDA:227,18,1,4
BRDA:236,19,0,1
BRDA:236,19,1,3
BRDA:241,20,0,1
BRDA:241,20,1,2
BRDA:254,21,0,1
BRDA:254,21,1,1
BRF:44
BRH:39
end_of_record
TN:
SF:controllers/users.js
FN:8,(anonymous_0)
FN:15,(anonymous_1)
FN:27,(anonymous_2)
FN:39,(anonymous_3)
FN:54,(anonymous_4)
FNF:5
FNH:4
FNDA:1,(anonymous_0)
FNDA:0,(anonymous_1)
FNDA:1,(anonymous_2)
FNDA:1,(anonymous_3)
FNDA:1,(anonymous_4)
DA:1,21
DA:2,21
DA:3,21
DA:8,21
DA:9,1
DA:15,21
DA:16,0
DA:18,0
DA:27,21
DA:28,1
DA:30,1
DA:39,21
DA:40,1
DA:45,1
DA:54,21
DA:55,1
DA:57,1
LF:17
LH:15
BRF:0
BRH:0
end_of_record
TN:
SF:middleware/advancedResults.js
FN:2,(anonymous_0)
FN:2,(anonymous_1)
FN:13,(anonymous_2)
FN:20,(anonymous_3)
FNF:4
FNH:3
FNDA:85,(anonymous_0)
FNDA:9,(anonymous_1)
FNDA:36,(anonymous_2)
FNDA:0,(anonymous_3)
DA:2,85
DA:7,9
DA:10,9
DA:13,36
DA:16,9
DA:20,9
DA:21,9
DA:24,9
DA:27,9
DA:28,2
DA:29,2
DA:31,7
DA:35,9
DA:38,3
DA:39,3
DA:40,3
DA:44,9
DA:45,9
DA:46,9
DA:47,9
DA:48,9
DA:52,9
DA:54,9
DA:55,8
DA:59,9
DA:62,9
DA:64,9
DA:65,3
DA:71,9
DA:72,1
DA:78,9
DA:85,9
DA:88,21
LF:33
LH:33
BRDA:27,0,0,2
BRDA:27,0,1,7
BRDA:35,1,0,3
BRDA:35,1,1,6
BRDA:44,2,0,9
BRDA:44,2,1,6
BRDA:45,3,0,9
BRDA:45,3,1,6
BRDA:54,4,0,8
BRDA:54,4,1,1
BRDA:64,5,0,3
BRDA:64,5,1,6
BRDA:71,6,0,1
BRDA:71,6,1,8
BRF:14
BRH:14
end_of_record
TN:
SF:middleware/async.js
FN:4,(anonymous_0)
FN:4,(anonymous_1)
FNF:2
FNH:2
FNDA:637,(anonymous_0)
FNDA:224,(anonymous_1)
DA:4,637
DA:5,224
DA:9,23
LF:3
LH:3
BRF:0
BRH:0
end_of_record
TN:
SF:middleware/auth.js
FN:8,(anonymous_0)
FN:38,(anonymous_1)
FN:39,(anonymous_2)
FNF:3
FNH:3
FNDA:64,(anonymous_0)
FNDA:107,(anonymous_1)
FNDA:17,(anonymous_2)
DA:1,22
DA:2,22
DA:3,22
DA:4,22
DA:8,22
DA:11,64
DA:12,61
DA:13,3
DA:14,1
DA:15,2
DA:16,0
DA:20,64
DA:21,2
DA:24,62
DA:26,62
DA:27,61
DA:29,61
DA:31,61
DA:33,1
DA:38,22
DA:39,107
DA:40,17
DA:41,2
DA:43,15
LF:24
LH:23
BRDA:11,0,0,61
BRDA:11,0,1,3
BRDA:11,1,0,64
BRDA:11,1,1,62
BRDA:13,2,0,1
BRDA:13,2,1,2
BRDA:15,3,0,0
BRDA:15,3,1,2
BRDA:20,4,0,2
BRDA:20,4,1,62
BRDA:40,5,0,2
BRDA:40,5,1,15
BRF:12
BRH:11
end_of_record
TN:
SF:middleware/error.js
FN:4,(anonymous_0)
FN:26,(anonymous_1)
FNF:2
FNH:2
FNDA:29,(anonymous_0)
FNDA:2,(anonymous_1)
DA:3,21
DA:4,21
DA:6,29
DA:7,29
DA:8,29
DA:11,29
DA:14,1
DA:15,1
DA:19,29
DA:20,1
DA:21,1
DA:25,29
DA:26,2
DA:27,1
DA:31,29
DA:37,21
LF:16
LH:16
BRDA:11,0,0,1
BRDA:11,0,1,28
BRDA:19,1,0,1
BRDA:19,1,1,28
BRDA:25,2,0,1
BRDA:25,2,1,28
BRDA:31,3,0,29
BRDA:31,3,1,0
BRDA:33,4,0,29
BRDA:33,4,1,0
BRF:10
BRH:8
end_of_record
TN:
SF:middleware/logger.js
FN:6,(anonymous_0)
FNF:1
FNH:0
FNDA:0,(anonymous_0)
DA:6,0
DA:7,0
DA:8,0
DA:9,0
DA:12,0
LF:5
LH:0
BRF:0
BRH:0
end_of_record
TN:
SF:models/Review.js
FN:30,(anonymous_0)
FN:56,(anonymous_1)
FN:61,(anonymous_2)
FNF:3
FNH:3
FNDA:6,(anonymous_0)
FNDA:5,(anonymous_1)
FNDA:1,(anonymous_2)
DA:1,21
DA:3,21
DA:30,21
DA:32,6
DA:43,6
DA:44,6
DA:45,6
DA:51,0
DA:56,21
DA:57,5
DA:61,21
DA:62,1
DA:66,21
DA:68,21
LF:14
LH:13
BRDA:44,0,0,5
BRDA:44,0,1,1
BRF:2
BRH:2
end_of_record
TN:
SF:models/Stick.js
FN:53,(anonymous_0)
FN:81,(anonymous_1)
FN:86,(anonymous_2)
FNF:3
FNH:2
FNDA:5,(anonymous_0)
FNDA:5,(anonymous_1)
FNDA:0,(anonymous_2)
DA:1,21
DA:3,21
DA:4,21
DA:6,21
DA:53,21
DA:57,5
DA:68,5
DA:69,5
DA:70,5
DA:76,0
DA:81,21
DA:82,5
DA:86,21
DA:87,0
DA:90,21
LF:15
LH:13
BRDA:69,0,0,5
BRDA:69,0,1,0
BRF:2
BRH:1
end_of_record
TN:
SF:models/Stickerboard.js
FN:43,(anonymous_0)
FN:49,(anonymous_1)
FNF:2
FNH:2
FNDA:24,(anonymous_0)
FNDA:1,(anonymous_1)
DA:2,21
DA:3,21
DA:5,21
DA:43,21
DA:44,24
DA:45,24
DA:49,21
DA:50,1
DA:51,1
DA:56,21
DA:63,21
LF:11
LH:11
BRDA:63,0,0,21
BRDA:63,0,1,21
BRF:2
BRH:2
end_of_record
TN:
SF:models/User.js
FN:40,(anonymous_0)
FN:47,(anonymous_1)
FN:53,(anonymous_2)
FN:58,(anonymous_3)
FNF:4
FNH:4
FNDA:50,(anonymous_0)
FNDA:78,(anonymous_1)
FNDA:41,(anonymous_2)
FNDA:4,(anonymous_3)
DA:1,23
DA:2,23
DA:3,23
DA:4,23
DA:6,23
DA:40,23
DA:41,50
DA:42,45
DA:43,45
DA:47,23
DA:49,78
DA:53,23
DA:54,41
DA:58,23
DA:60,4
DA:63,4
DA:69,4
DA:72,4
DA:75,23
LF:19
LH:19
BRDA:41,0,0,5
BRDA:41,0,1,45
BRDA:75,1,0,23
BRDA:75,1,1,23
BRF:4
BRH:4
end_of_record
TN:
SF:routes/auth.js
FNF:0
FNH:0
DA:2,21
DA:12,21
DA:13,21
DA:15,21
DA:17,21
DA:18,21
DA:19,21
DA:20,21
DA:21,21
DA:22,21
DA:23,21
DA:24,21
DA:25,21
LF:13
LH:13
BRF:0
BRH:0
end_of_record
TN:
SF:routes/reviews.js
FNF:0
FNH:0
DA:2,21
DA:9,21
DA:10,21
DA:11,21
DA:12,21
DA:13,21
DA:15,21
DA:30,21
DA:40,21
LF:9
LH:9
BRF:0
BRH:0
end_of_record
TN:
SF:routes/stickerboard.js
FNF:0
FNH:0
DA:2,21
DA:4,21
DA:7,21
DA:8,21
DA:9,21
DA:10,21
DA:12,21
DA:22,21
DA:24,21
DA:25,21
DA:28,21
DA:32,21
DA:37,21
DA:40,21
LF:14
LH:14
BRF:0
BRH:0
end_of_record
TN:
SF:routes/stix.js
FNF:0
FNH:0
DA:2,21
DA:4,21
DA:6,21
DA:15,21
DA:17,21
DA:18,21
DA:21,21
DA:26,21
DA:29,21
DA:36,21
LF:10
LH:10
BRF:0
BRH:0
end_of_record
TN:
SF:routes/users.js
FNF:0
FNH:0
DA:1,21
DA:2,21
DA:10,21
DA:11,21
DA:13,21
DA:14,21
DA:16,21
DA:17,21
DA:19,21
DA:23,21
DA:28,21
LF:11
LH:11
BRF:0
BRH:0
end_of_record
TN:
SF:utils/errorResponse.js
FN:4,(anonymous_0)
FNF:1
FNH:1
FNDA:33,(anonymous_0)
DA:5,33
DA:6,33
DA:10,23
LF:3
LH:3
BRF:0
BRH:0
end_of_record
TN:
SF:utils/sendEmail.js
FN:5,(anonymous_0)
FNF:1
FNH:1
FNDA:2,(anonymous_0)
DA:2,21
DA:3,21
DA:5,21
DA:7,2
DA:17,2
DA:25,2
DA:27,2
DA:30,21
LF:8
LH:8
BRF:0
BRH:0
end_of_record
